OpenROAD 26Q2-2270-g4c26918f5a 
Features included (+) or not (-): +GPU +GUI +Python
This program is licensed under the BSD-3 license. See the LICENSE file for details.
Components of this program may be licensed under more restrictive licenses which must be honored.
[INFO ODB-0227] LEF file: ../../Tech_Lib/sky130_fd_sc_hd.tlef, created 13 layers, 25 vias
[INFO ODB-0227] LEF file: ../../Tech_Lib/sky130_fd_sc_hd_merged.lef, created 441 library cells
[INFO ODB-0227] LEF file: ../../Tech_Lib/sky130io_fill.lef, created 2 library cells
[WARNING STA-1171] ../../Tech_Lib/sky130_fd_sc_hd__tt_025C_1v80.lib line 23, default_fanout_load is 0.0.
[INFO IFP-0107] Defining die area using utilization: 65.00% and aspect ratio: 1.
[WARNING IFP-0028] Core area lower left (15.000, 15.000) snapped to (15.180, 16.320).
[INFO IFP-0001] Added 82 rows of 491 site unithd.
[INFO IFP-0100] Die BBox:  (  0.000  0.000 ) ( 256.295 256.295 ) um
[INFO IFP-0101] Core BBox: ( 15.180 16.320 ) ( 241.040 239.360 ) um
[INFO IFP-0102] Core area:                        50375.814 um^2
[INFO IFP-0103] Total instances area:             33285.674 um^2
[INFO IFP-0104] Effective utilization:                0.661
[INFO IFP-0105] Number of instances:                   2816
Design area 33286 um^2 66% utilization.
Found 0 macro blocks.
[INFO PPL-0067] Restrict pins [ data_out_1[4] data_out_1[5] data_out_1[6] data_out_1[7] data_out_2[0] ... ] to region 0.00u-256.30u at the TOP edge.
[INFO PPL-0067] Restrict pins [ clock pkt_valid read_enb_0 read_enb_1 read_enb_2 ... ] to region 0.00u-256.30u at the BOTTOM edge.
[INFO PPL-0067] Restrict pins [ data_out_0[0] data_out_0[1] data_out_0[2] data_out_0[3] data_in[0] ... ] to region 0.00u-256.30u at the LEFT edge.
[INFO PPL-0067] Restrict pins [ data_out_0[4] data_out_0[5] data_out_0[6] data_out_0[7] data_out_1[0] ... ] to region 0.00u-256.30u at the RIGHT edge.
[INFO PPL-0001] Number of available slots 76
[INFO PPL-0002] Number of I/O             49
[INFO PPL-0003] Number of I/O w/sink      49
[INFO PPL-0004] Number of I/O w/o sink    0
[INFO PPL-0005] Slots per section         200
[INFO PPL-0008] Successfully assigned pins to sections.
[INFO PPL-0012] I/O nets HPWL: 8440.67 um.
[INFO TAP-0005] Inserted 462 tapcells.
[WARNING PDN-1024] -verbose has been deprecated.
[INFO PDN-0001] Inserting grid: grid
[INFO PDN-0500] Runtime: 0.01s
[INFO GPL-0001] ---- Initialize GPL Main Data Structures
[INFO GPL-0002] DBU: 1000
[INFO GPL-0003] SiteSize: (  0.460  2.720 ) um
[INFO GPL-0004] CoreBBox: ( 15.180 16.320 ) ( 241.040 239.360 ) um
[INFO GPL-0036] Movable instances area:      33285.674 um^2
[INFO GPL-0037] Total instances area:        33863.728 um^2
[INFO GPL-0035] Pin density area adjust:      2439.907 um^2
[INFO GPL-0032] ---- Initialize Region: Top-level
[INFO GPL-0006] Number of instances:              3278
[INFO GPL-0007] Movable instances:                2816
[INFO GPL-0008] Fixed instances:                   462
[INFO GPL-0009] Dummy instances:                     0
[INFO GPL-0010] Number of nets:                   2834
[INFO GPL-0011] Number of pins:                  11264
[INFO GPL-0012] Die BBox:  (  0.000  0.000 ) ( 256.295 256.295 ) um
[INFO GPL-0013] Core BBox: ( 15.180 16.320 ) ( 241.040 239.360 ) um
[INFO GPL-0016] Core area:                   50375.814 um^2
[INFO GPL-0014] Region name: top-level.
[INFO GPL-0015] Region area:                 50375.814 um^2
[INFO GPL-0017] Fixed instances area:          578.054 um^2
[INFO GPL-0018] Movable instances area:      35725.581 um^2
[INFO GPL-0019] Utilization:                    71.741 %
[INFO GPL-0020] Standard cells area:         35725.581 um^2
[INFO GPL-0021] Large instances area:            0.000 um^2
[INFO GPL-0005] ---- Execute Conjugate Gradient Initial Placement.
[INFO GPL-0051] Source of initial instance position counters:
	Odb location = 0	Core center = 2816	Region center = 0
[InitialPlace]  Iter: 1 conjugate gradient residual: 0.00016477 HPWL: 36573765
[InitialPlace]  Iter: 2 conjugate gradient residual: 0.00041253 HPWL: 34820243
[InitialPlace]  Iter: 3 conjugate gradient residual: 0.00031298 HPWL: 34875496
[InitialPlace]  Iter: 4 conjugate gradient residual: 0.00038062 HPWL: 35053906
[InitialPlace]  Iter: 5 conjugate gradient residual: 0.00015318 HPWL: 35031260
[InitialPlace]  Iter: 6 conjugate gradient residual: 0.00013447 HPWL: 35120517
[InitialPlace]  Iter: 7 conjugate gradient residual: 0.00024762 HPWL: 35051911
[InitialPlace]  Iter: 8 conjugate gradient residual: 0.00029626 HPWL: 35122430
[InitialPlace]  Iter: 9 conjugate gradient residual: 0.00082596 HPWL: 35034002
[InitialPlace]  Iter: 10 conjugate gradient residual: 0.00036328 HPWL: 35065353
[InitialPlace]  Iter: 11 conjugate gradient residual: 0.00038806 HPWL: 35020272
[InitialPlace]  Iter: 12 conjugate gradient residual: 0.00022574 HPWL: 35090375
[InitialPlace]  Iter: 13 conjugate gradient residual: 0.00019228 HPWL: 35028968
[InitialPlace]  Iter: 14 conjugate gradient residual: 0.00008404 HPWL: 35082871
[InitialPlace]  Iter: 15 conjugate gradient residual: 0.00005604 HPWL: 35047647
[InitialPlace]  Iter: 16 conjugate gradient residual: 0.00003006 HPWL: 35087266
[InitialPlace]  Iter: 17 conjugate gradient residual: 0.00003869 HPWL: 35031898
[InitialPlace]  Iter: 18 conjugate gradient residual: 0.00007508 HPWL: 35081813
[InitialPlace]  Iter: 19 conjugate gradient residual: 0.00002994 HPWL: 35046139
[InitialPlace]  Iter: 20 conjugate gradient residual: 0.00001936 HPWL: 35087454
[INFO GPL-0033] ---- Initialize Nesterov Region: Top-level
[WARNING GPL-0302] Target density 0.7000 is too low for the available free area.
Automatically adjusting to uniform density 0.7200.
[INFO GPL-0023] Placement target density:       0.7200
[INFO GPL-0024] Movable insts average area:     12.687 um^2
[INFO GPL-0025] Ideal bin area:                 17.620 um^2
[INFO GPL-0026] Ideal bin count:                  2858
[INFO GPL-0027] Total bin area:              50375.814 um^2
[INFO GPL-0028] Bin count (X, Y):          32 ,     32
[INFO GPL-0029] Bin size (W * H):       7.058 *  6.970 um
[INFO GPL-0030] Number of bins:                   1024
[INFO GPL-0084] ---- Execute Nesterov Global Placement.
[INFO GPL-0031] HPWL: Half-Perimeter Wirelength
Iteration | Overflow |     HPWL (um) |  HPWL(%) |   Penalty | Group
---------------------------------------------------------------
        0 |   0.9684 |  1.582318e+04 |   +0.00% |  2.85e-15 |      
       10 |   0.8945 |  2.034147e+04 |  +28.55% |  4.64e-15 |      
       20 |   0.8823 |  2.101641e+04 |   +3.32% |  7.55e-15 |      
       30 |   0.8730 |  2.121110e+04 |   +0.93% |  1.23e-14 |      
       40 |   0.8692 |  2.137790e+04 |   +0.79% |  2.00e-14 |      
       50 |   0.8678 |  2.143019e+04 |   +0.24% |  3.26e-14 |      
       60 |   0.8692 |  2.137681e+04 |   -0.25% |  5.31e-14 |      
       70 |   0.8681 |  2.136010e+04 |   -0.08% |  8.66e-14 |      
       80 |   0.8684 |  2.138018e+04 |   +0.09% |  1.41e-13 |      
       90 |   0.8684 |  2.139492e+04 |   +0.07% |  2.30e-13 |      
      100 |   0.8678 |  2.140864e+04 |   +0.06% |  3.74e-13 |      
      110 |   0.8680 |  2.143431e+04 |   +0.12% |  6.09e-13 |      
      120 |   0.8667 |  2.148319e+04 |   +0.23% |  9.93e-13 |      
      130 |   0.8639 |  2.157003e+04 |   +0.40% |  1.62e-12 |      
      140 |   0.8625 |  2.170467e+04 |   +0.62% |  2.63e-12 |      
      150 |   0.8607 |  2.190904e+04 |   +0.94% |  4.29e-12 |      
      160 |   0.8543 |  2.222644e+04 |   +1.45% |  6.99e-12 |      
      170 |   0.8477 |  2.270721e+04 |   +2.16% |  1.14e-11 |      
      180 |   0.8373 |  2.348035e+04 |   +3.40% |  1.85e-11 |      
      190 |   0.8272 |  2.458630e+04 |   +4.71% |  3.02e-11 |      
      200 |   0.8088 |  2.605571e+04 |   +5.98% |  4.92e-11 |      
      210 |   0.7874 |  2.777691e+04 |   +6.61% |  8.01e-11 |      
      220 |   0.7626 |  2.960845e+04 |   +6.59% |  1.30e-10 |      
      230 |   0.7318 |  3.176884e+04 |   +7.30% |  2.12e-10 |      
      240 |   0.7000 |  3.382034e+04 |   +6.46% |  3.46e-10 |      
      250 |   0.6713 |  3.631651e+04 |   +7.38% |  5.63e-10 |      
[INFO GPL-0100] Timing-driven iteration 1/2, virtual: false.
[INFO GPL-0101]    Iter: 260, overflow: 0.631, keep resizer changes at: 1, HPWL: 38461465
Iteration |   Area    | Resized | Buffers | Nets repaired | Remaining
---------------------------------------------------------------------
        0 |     +0.0% |       0 |       0 |             0 |      2834
    final |     +1.9% |       7 |      72 |             7 |         0
---------------------------------------------------------------------
[INFO RSZ-0034] Found 7 slew violations.
[INFO RSZ-0036] Found 2 capacitance violations.
[INFO RSZ-0039] Resized 7 instances.
[INFO RSZ-0038] Inserted 72 buffers in 7 nets.
   Iter   |    Area   | Removed | Inserted |   Pins
          |           | Buffers | Buffers  | Remaining
-------------------------------------------------------
        0 |     +0.0% |       0 |        0 |      2806
      280 |     +0.0% |       0 |        0 |      2526
      560 |     +0.0% |       0 |        0 |      2246
      840 |     +0.0% |       0 |        0 |      1966
     1120 |     +0.0% |       0 |        0 |      1686
     1400 |     +0.0% |       0 |        1 |      1406
     1680 |     +0.4% |       0 |       18 |      1126
     1960 |     +0.4% |       0 |       19 |       846
     2240 |     +0.6% |       2 |       32 |       566
     2520 |     +0.5% |       3 |       34 |       286
     2800 |     -0.8% |      72 |       40 |         6
    final |     -0.8% |      72 |       40 |         0
-------------------------------------------------------
[INFO GPL-0106] Timing-driven: worst slack 6.0455068e-09
[INFO GPL-0107] Timing-driven: repair_design delta area: 356.142 um^2 (+1.00%)
[INFO GPL-0108] Timing-driven: repair_design, gpl delta gcells: 40 (+1.42%)
[INFO GPL-0109] Timing-driven: repair_design, gcells created: 112, deleted: 72
[INFO GPL-0110] Timing-driven: new target density: 0.7271519
Iteration | Overflow |     HPWL (um) |  HPWL(%) |   Penalty | Group
---------------------------------------------------------------
      260 |   0.6252 |  3.949804e+04 |   +8.76% |  9.17e-10 |      
      270 |   0.6140 |  4.252324e+04 |   +7.66% |  1.49e-09 |      
      280 |   0.5533 |  4.587312e+04 |   +7.88% |  2.43e-09 |      
      290 |   0.5151 |  4.689383e+04 |   +2.23% |  3.96e-09 |      
      300 |   0.4724 |  4.907729e+04 |   +4.66% |  6.45e-09 |      
      310 |   0.4290 |  5.086728e+04 |   +3.65% |  1.05e-08 |      
      320 |   0.3852 |  5.215957e+04 |   +2.54% |  1.71e-08 |      
      330 |   0.3325 |  5.308733e+04 |   +1.78% |  2.73e-08 |      
      340 |   0.3022 |  5.360437e+04 |   +0.97% |  4.02e-08 |      
      350 |   0.2637 |  5.434176e+04 |   +1.38% |  5.93e-08 |      
      360 |   0.2257 |  5.480072e+04 |   +0.84% |  8.73e-08 |      
[INFO GPL-0100] Timing-driven iteration 2/2, virtual: false.
[INFO GPL-0101]    Iter: 370, overflow: 0.192, keep resizer changes at: 1, HPWL: 55207242
Iteration |   Area    | Resized | Buffers | Nets repaired | Remaining
---------------------------------------------------------------------
        0 |     +0.0% |       0 |       0 |             0 |      2874
    final |     +0.0% |       0 |       0 |             0 |         0
---------------------------------------------------------------------
   Iter   |    Area   | Removed | Inserted |   Pins
          |           | Buffers | Buffers  | Remaining
-------------------------------------------------------
        0 |     +0.0% |       0 |        0 |      2806
      280 |     +0.0% |       0 |        0 |      2526
      560 |     +0.0% |       0 |        0 |      2246
      840 |     +0.0% |       0 |        0 |      1966
     1120 |     +0.0% |       0 |        0 |      1686
     1400 |     +0.0% |       1 |        1 |      1406
     1680 |     +0.2% |      18 |       26 |      1126
     1960 |     +0.2% |      19 |       27 |       846
     2240 |     +0.2% |      32 |       40 |       566
     2520 |     +0.2% |      34 |       42 |       286
     2800 |     +0.2% |      40 |       52 |         6
    final |     +0.2% |      40 |       52 |         0
-------------------------------------------------------
[INFO GPL-0106] Timing-driven: worst slack 6.04182e-09
[INFO GPL-0107] Timing-driven: repair_design delta area: 65.062 um^2 (+0.18%)
[INFO GPL-0108] Timing-driven: repair_design, gpl delta gcells: 12 (+0.42%)
[INFO GPL-0109] Timing-driven: repair_design, gcells created: 52, deleted: 40
[INFO GPL-0110] Timing-driven: new target density: 0.72845834
Iteration | Overflow |     HPWL (um) |  HPWL(%) |   Penalty | Group
---------------------------------------------------------------
      370 |   0.1893 |  5.643993e+04 |   +2.99% |  1.29e-07 |      
      380 |   0.1655 |  5.667904e+04 |   +0.42% |  1.89e-07 |      
      390 |   0.1398 |  5.692334e+04 |   +0.43% |  2.79e-07 |      
      400 |   0.1177 |  5.704564e+04 |   +0.21% |  4.11e-07 |      
      410 |   0.0993 |  5.718473e+04 |   +0.24% |  6.06e-07 |      
      410 |   0.0993 |  5.718473e+04 |          |  6.29e-07 |      
---------------------------------------------------------------
[INFO GPL-1001] Global placement finished at iteration 410
[INFO GPL-1002] Placed Cell Area            36146.7846
[INFO GPL-1003] Available Free Area         49797.7600
[INFO GPL-1004] Minimum Feasible Density        0.7200 (cell_area / free_area)
[INFO GPL-1006]   Suggested Target Densities:
[INFO GPL-1007]     - For 90% usage of free space: 0.8065
[INFO GPL-1008]     - For 80% usage of free space: 0.9073
[INFO GPL-1011] Original area (um^2): 35725.58
[INFO GPL-1013] Total timing-driven delta area: 421.20 (+1.18%)
[INFO GPL-1014] Final placement area: 36146.78 (+1.18%)
[INFO DPL-0006] Core area: 50375.81 um^2, Instances area: 34287.88 um^2, Utilization: 68.1%
[INFO DPL-0005] Diamond search max displacement: +/- 500 sites horizontally, +/- 100 rows vertically.
[INFO DPL-1101] Legalizing using diamond search.
Movements Summary
---------------------------------------
Total cells:                    2868
Diamond Move Success:           2868 (100.00%)
Diamond Move Failure:              0
Rip-up and replace Success:        0 (  0.00% of diamond failures)
Rip-up and replace Failure:        0
Total Placement Failures:          0
---------------------------------------
[INFO DPL-0500] Runtime: 0.09s
Placement Analysis
---------------------------------
total displacement       8326.5 u
average displacement        2.5 u
max displacement           14.5 u
original HPWL           57246.4 u
legalized HPWL          65961.5 u
delta HPWL                   15 %

worst slack max 6.04
worst slack min 0.23
[INFO CTS-0050] Root buffer is sky130_fd_sc_hd__clkbuf_16.
[INFO CTS-0051] Sink buffer is sky130_fd_sc_hd__clkbuf_8.
[INFO CTS-0052] The following clock buffers will be used for CTS:
                    sky130_fd_sc_hd__clkbuf_2
                    sky130_fd_sc_hd__clkbuf_4
                    sky130_fd_sc_hd__clkbuf_8
[INFO CTS-0049] Characterization buffer is sky130_fd_sc_hd__clkbuf_8.
[INFO CTS-0007] Net "clock" found for clock "clock".
[WARNING CTS-0041] Net "clock" has 1 sinks. Skipping...
[INFO CTS-0010]  Clock net "__dut__.__uuf__.__clk_source__" has 586 sinks.
[INFO CTS-0007] Net "tck" found for clock "tck".
[INFO CTS-0011]  Clock net "tck" for macros has 1 sinks.
[INFO CTS-0011]  Clock net "tck_regs" for registers has 111 sinks.
[INFO CTS-0008] TritonCTS found 3 clock nets.
[INFO CTS-0097] Characterization used 3 buffer(s) types.
[INFO CTS-0201] 0 blockages from hard placement blockages and placed macros will be used.
[INFO CTS-0027] Generating H-Tree topology for net __dut__.__uuf__.__clk_source__.
[INFO CTS-0028]  Total number of sinks: 586.
[INFO CTS-0029]  Register sinks will be clustered in groups of up to 20 and with maximum cluster diameter of 40.0 um.
[INFO CTS-0030]  Number of static layers: 0.
[INFO CTS-0020]  Wire segment unit: 13600  dbu (13 um).
[INFO CTS-0204] A clustering solution was found from clustering size of 20 and clustering diameter of 40.
[INFO CTS-0205] Better solution may be possible if either -sink_clustering_size, -sink_clustering_max_diameter, or both options are omitted to enable automatic clustering.
[INFO CTS-0019]  Total number of sinks after clustering: 80.
[INFO CTS-0024]  Normalized sink region: [(1.48404, 1.94493), (16.8749, 17.0397)].
[INFO CTS-0025]     Width:  15.3908.
[INFO CTS-0026]     Height: 15.0948.
 Level 1
    Direction: Horizontal
    Sinks per sub-region: 40
    Sub-region size: 7.6954 X 15.0948
[INFO CTS-0034]     Segment length (rounded): 4.
 Level 2
    Direction: Vertical
    Sinks per sub-region: 20
    Sub-region size: 7.6954 X 7.5474
[INFO CTS-0034]     Segment length (rounded): 4.
 Level 3
    Direction: Horizontal
    Sinks per sub-region: 10
    Sub-region size: 3.8477 X 7.5474
[INFO CTS-0034]     Segment length (rounded): 2.
[INFO CTS-0032]  Stop criterion found. Max number of sinks is 15.
[INFO CTS-0035]  Number of sinks covered: 80.
[INFO CTS-0201] 0 blockages from hard placement blockages and placed macros will be used.
[INFO CTS-0027] Generating H-Tree topology for net tck.
[INFO CTS-0028]  Total number of sinks: 1.
[INFO CTS-0060]  Macro  sinks will be clustered in groups of up to 4 and based on buffer max cap.
[INFO CTS-0030]  Number of static layers: 0.
[INFO CTS-0020]  Wire segment unit: 13600  dbu (13 um).
[INFO CTS-0023]  Original sink region: [(126581, 127703), (126581, 127703)].
[INFO CTS-0024]  Normalized sink region: [(9.30743, 9.38993), (9.30743, 9.38993)].
[INFO CTS-0025]     Width:  0.0000.
[INFO CTS-0026]     Height: 0.0000.
 Level 1
    Direction: Vertical
    Sinks per sub-region: 1
    Sub-region size: 0.0000 X 0.0000
[INFO CTS-0034]     Segment length (rounded): 1.
[INFO CTS-0032]  Stop criterion found. Max number of sinks is 15.
[INFO CTS-0035]  Number of sinks covered: 1.
[INFO CTS-0201] 0 blockages from hard placement blockages and placed macros will be used.
[INFO CTS-0027] Generating H-Tree topology for net tck_regs.
[INFO CTS-0028]  Total number of sinks: 111.
[INFO CTS-0029]  Register sinks will be clustered in groups of up to 20 and with maximum cluster diameter of 40.0 um.
[INFO CTS-0030]  Number of static layers: 0.
[INFO CTS-0020]  Wire segment unit: 13600  dbu (13 um).
[INFO CTS-0023]  Original sink region: [(16365, 17620), (233485, 148180)].
[INFO CTS-0024]  Normalized sink region: [(1.20331, 1.29559), (17.168, 10.8956)].
[INFO CTS-0025]     Width:  15.9647.
[INFO CTS-0026]     Height: 9.6000.
 Level 1
    Direction: Horizontal
    Sinks per sub-region: 56
    Sub-region size: 7.9824 X 9.6000
[INFO CTS-0034]     Segment length (rounded): 4.
 Level 2
    Direction: Vertical
    Sinks per sub-region: 28
    Sub-region size: 7.9824 X 4.8000
[INFO CTS-0034]     Segment length (rounded): 2.
 Level 3
    Direction: Horizontal
    Sinks per sub-region: 14
    Sub-region size: 3.9912 X 4.8000
[INFO CTS-0034]     Segment length (rounded): 2.
[INFO CTS-0032]  Stop criterion found. Max number of sinks is 15.
[INFO CTS-0035]  Number of sinks covered: 111.
[INFO CTS-0018]     Created 89 clock buffers.
[INFO CTS-0012]     Minimum number of buffers in the clock path: 3.
[INFO CTS-0013]     Maximum number of buffers in the clock path: 3.
[INFO CTS-0015]     Created 89 clock nets.
[INFO CTS-0016]     Fanout distribution for the current clock = 3:2, 4:6, 5:7, 6:20, 7:12, 8:9, 9:13, 10:8, 11:5, 12:5, 13:1..
[INFO CTS-0017]     Max level of the clock tree: 3.
[INFO CTS-0018]     Created 2 clock buffers.
[INFO CTS-0012]     Minimum number of buffers in the clock path: 2.
[INFO CTS-0013]     Maximum number of buffers in the clock path: 2.
[INFO CTS-0015]     Created 2 clock nets.
[INFO CTS-0016]     Fanout distribution for the current clock = 1:1..
[INFO CTS-0017]     Max level of the clock tree: 1.
[INFO CTS-0018]     Created 9 clock buffers.
[INFO CTS-0012]     Minimum number of buffers in the clock path: 2.
[INFO CTS-0013]     Maximum number of buffers in the clock path: 2.
[INFO CTS-0015]     Created 9 clock nets.
[INFO CTS-0016]     Fanout distribution for the current clock = 9:1, 10:1, 12:1, 13:1, 14:2, 19:1, 20:1..
[INFO CTS-0017]     Max level of the clock tree: 3.
[INFO CTS-0098] Clock net "__dut__.__uuf__.__clk_source__"
[INFO CTS-0099]  Sinks 661
[INFO CTS-0100]  Leaf buffers 80
[INFO CTS-0101]  Average sink wire length 163.03 um
[INFO CTS-0102]  Path depth 2 - 3
[INFO CTS-0207]  Dummy loads inserted 75
[INFO CTS-0124] Clock net "tck"
[INFO CTS-0125]  Sinks 1
[INFO CTS-0098] Clock net "tck_regs"
[INFO CTS-0099]  Sinks 118
[INFO CTS-0100]  Leaf buffers 0
[INFO CTS-0101]  Average sink wire length 141.43 um
[INFO CTS-0102]  Path depth 2 - 2
[INFO CTS-0207]  Dummy loads inserted 7
[INFO CTS-0033] Balancing latency for clock tck
[INFO CTS-0036]  inserted 4 delay buffers
[INFO CTS-0037] Total number of delay buffers: 4
[INFO CTS-0500] Runtime: 12.77s
Clock clock
   0.69 source latency __dut__.__uuf__._3249_/CLK ^
  -0.68 target latency __dut__.__uuf__._3303_/CLK ^
   0.20 clock uncertainty
  -0.00 CRPR
--------------
   0.21 setup skew

Clock tck
   0.91 source latency __dut__.__uuf__._3249_/CLK ^
  -0.89 target latency __dut__._1291_/CLK ^
   0.20 clock uncertainty
   0.00 CRPR
--------------
   0.22 setup skew

Total number of Clock Roots: 3.
Total number of Buffers Inserted: 100.
Total number of Clock Subnets: 100.
Total number of Sinks: 698.
Cells used:
  sky130_fd_sc_hd__clkbuf_8: 80
  sky130_fd_sc_hd__clkbuf_16: 25
Dummys used:
  sky130_fd_sc_hd__bufinv_16: 12
  sky130_fd_sc_hd__clkbuf_4: 4
  sky130_fd_sc_hd__clkbuf_8: 13
  sky130_fd_sc_hd__clkinv_2: 13
  sky130_fd_sc_hd__clkinv_4: 7
  sky130_fd_sc_hd__clkinv_8: 1
  sky130_fd_sc_hd__clkinvlp_4: 11
  sky130_fd_sc_hd__inv_6: 18
  sky130_fd_sc_hd__inv_8: 3
[INFO DPL-0006] Core area: 50375.81 um^2, Instances area: 37000.49 um^2, Utilization: 73.4%
[INFO DPL-0005] Diamond search max displacement: +/- 500 sites horizontally, +/- 100 rows vertically.
[INFO DPL-1101] Legalizing using diamond search.
Movements Summary
---------------------------------------
Total cells:                    3055
Diamond Move Success:           3055 (100.00%)
Diamond Move Failure:              0
Rip-up and replace Success:        0 (  0.00% of diamond failures)
Rip-up and replace Failure:        0
Total Placement Failures:          0
---------------------------------------
[INFO DPL-0500] Runtime: 0.07s
Placement Analysis
---------------------------------
total displacement       1946.9 u
average displacement        0.6 u
max displacement           15.6 u
original HPWL           71379.6 u
legalized HPWL          73006.6 u
delta HPWL                    2 %

[INFO RSZ-0046] Found 8 endpoints with hold violations.
Iteration | Resized | Buffers | Cloned Gates |   Area   |   WNS   |   TNS   | Endpoint
--------------------------------------------------------------------------------------
        0 |       0 |       0 |            0 |    +0.0% |   0.022 |   0.000 | _280_/D
    final |       0 |       1 |            0 |    +0.0% |   0.110 |   0.000 | _279_/D
--------------------------------------------------------------------------------------
[INFO RSZ-0032] Inserted 1 hold buffers.
[INFO RSZ-0506] Runtime: 0.40s
[INFO RSZ-0100] Repair move sequence: UnbufferMove SizeUpMove SwapPinsMove BufferMove CloneMove SplitLoadMove 
[INFO RSZ-0098] No setup violations found
[INFO RSZ-0505] Runtime: 0.06s
[INFO RSZ-0033] No hold violations found.
[INFO RSZ-0506] Runtime: 0.02s
[INFO DPL-0006] Core area: 50375.81 um^2, Instances area: 37010.50 um^2, Utilization: 73.5%
[INFO DPL-0005] Diamond search max displacement: +/- 500 sites horizontally, +/- 100 rows vertically.
[INFO DPL-1101] Legalizing using diamond search.
Movements Summary
---------------------------------------
Total cells:                    3056
Diamond Move Success:           3056 (100.00%)
Diamond Move Failure:              0
Rip-up and replace Success:        0 (  0.00% of diamond failures)
Rip-up and replace Failure:        0
Total Placement Failures:          0
---------------------------------------
[INFO DPL-0500] Runtime: 0.05s
Placement Analysis
---------------------------------
total displacement         18.7 u
average displacement        0.0 u
max displacement            6.4 u
original HPWL           73057.5 u
legalized HPWL          73076.2 u
delta HPWL                    0 %

worst slack max 6.25
worst slack min 0.11
Clock clock
   0.70 source latency __dut__.__uuf__._3084_/CLK ^
  -0.68 target latency __dut__.__uuf__._2922_/CLK ^
   0.20 clock uncertainty
  -0.00 CRPR
--------------
   0.21 setup skew

Clock tck
   0.91 source latency __dut__.__uuf__._3249_/CLK ^
  -0.89 target latency __dut__._1291_/CLK ^
   0.20 clock uncertainty
   0.00 CRPR
--------------
   0.22 setup skew

[INFO GRT-0020] Min routing layer: met1
[INFO GRT-0021] Max routing layer: met5
[INFO GRT-0022] Global adjustment: 0%
[INFO GRT-0023] Grid origin: (0, 0)
[INFO GRT-0088] Layer li1     Track-Pitch = 0.4600  line-2-Via Pitch: 0.3400
[INFO GRT-0088] Layer met1    Track-Pitch = 0.3400  line-2-Via Pitch: 0.3400
[INFO GRT-0088] Layer met2    Track-Pitch = 0.4600  line-2-Via Pitch: 0.3500
[INFO GRT-0088] Layer met3    Track-Pitch = 0.6800  line-2-Via Pitch: 0.6150
[INFO GRT-0088] Layer met4    Track-Pitch = 0.9200  line-2-Via Pitch: 1.0400
[INFO GRT-0088] Layer met5    Track-Pitch = 3.4000  line-2-Via Pitch: 3.1100
[INFO GRT-0003] Macros: 0
[INFO GRT-0004] Blockages: 11637
[INFO GRT-0019] Found 117 clock nets.
[INFO GRT-0001] Minimum degree: 2
[INFO GRT-0002] Maximum degree: 157

[INFO GRT-0053] Routing resources analysis:
          Routing      Original      Derated      Resource
Layer     Direction    Resources     Resources    Reduction (%)
---------------------------------------------------------------
li1        Vertical            0             0          0.00%
met1       Horizontal      17919         17919          0.00%
met2       Vertical        20052         20052          0.00%
met3       Horizontal      13572         13572          0.00%
met4       Vertical         9588          9588          0.00%
met5       Horizontal       2490          2490          0.00%
---------------------------------------------------------------

[INFO GRT-0197] Via related to pin nodes: 19612
[INFO GRT-0198] Via related Steiner nodes: 402
[INFO GRT-0199] Via filling finished.
[INFO GRT-0111] Final number of vias: 24347
[INFO GRT-0112] Final usage 3D: 86461

[INFO GRT-0096] Final congestion report:
Layer         Resource        Demand        Usage (%)    Max H / Max V / Total Congestion
---------------------------------------------------------------------------------------
li1                  0             0            0.00%             0 /  0 /  0
met1             17919          6121           34.16%             0 /  0 /  0
met2             20052          6325           31.54%             0 /  0 /  0
met3             13572           942            6.94%             0 /  0 /  0
met4              9588            32            0.33%             0 /  0 /  0
met5              2490             0            0.00%             0 /  0 /  0
---------------------------------------------------------------------------------------
Total            63621         13420           21.09%             0 /  0 /  0

[INFO GRT-0018] Total wirelength: 149115 um
[INFO GRT-0014] Routed nets: 2992
[INFO GRT-0303] Global routing runtime = 00:00:00
[INFO DRT-0149] Reading tech and libs.
[WARNING DRT-0349] LEF58_ENCLOSURE with no CUTCLASS is not supported. Skipping for layer mcon
[WARNING DRT-0349] LEF58_ENCLOSURE with no CUTCLASS is not supported. Skipping for layer mcon
[WARNING DRT-0349] LEF58_ENCLOSURE with no CUTCLASS is not supported. Skipping for layer via
[WARNING DRT-0349] LEF58_ENCLOSURE with no CUTCLASS is not supported. Skipping for layer via
[WARNING DRT-0349] LEF58_ENCLOSURE with no CUTCLASS is not supported. Skipping for layer via2
[WARNING DRT-0349] LEF58_ENCLOSURE with no CUTCLASS is not supported. Skipping for layer via2
[WARNING DRT-0349] LEF58_ENCLOSURE with no CUTCLASS is not supported. Skipping for layer via3
[WARNING DRT-0349] LEF58_ENCLOSURE with no CUTCLASS is not supported. Skipping for layer via3
[WARNING DRT-0349] LEF58_ENCLOSURE with no CUTCLASS is not supported. Skipping for layer via4
[WARNING DRT-0349] LEF58_ENCLOSURE with no CUTCLASS is not supported. Skipping for layer via4

Units:                1000
Number of layers:     13
Number of macros:     443
Number of vias:       26
Number of viarulegen: 25

[INFO DRT-0150] Reading design.
[WARNING DRT-0120] Large net net156 has 157 pins which may impact routing performance. Consider optimization.

Design:                   router_top
Die area:                 ( 0 0 ) ( 256295 256295 )
Number of track patterns: 12
Number of DEF vias:       0
Number of components:     3518
Number of terminals:      49
Number of snets:          2
Number of nets:           2992

[INFO DRT-0167] List of default vias:
  Layer via
    default via: M1M2_PR
  Layer via2
    default via: M2M3_PR
  Layer via3
    default via: M3M4_PR
  Layer via4
    default via: M4M5_PR
[INFO DRT-0162] Library cell analysis.
[INFO DRT-0163] Instance analysis.
[INFO DRT-0164] Number of unique instances = 127.
[INFO DRT-0168] Init region query.
[INFO DRT-0024]   Complete FR_MASTERSLICE.
[INFO DRT-0024]   Complete Fr_VIA.
[INFO DRT-0024]   Complete li1.
[INFO DRT-0024]   Complete mcon.
[INFO DRT-0024]   Complete met1.
[INFO DRT-0024]   Complete via.
[INFO DRT-0024]   Complete met2.
[INFO DRT-0024]   Complete via2.
[INFO DRT-0024]   Complete met3.
[INFO DRT-0024]   Complete via3.
[INFO DRT-0024]   Complete met4.
[INFO DRT-0024]   Complete via4.
[INFO DRT-0024]   Complete met5.
[INFO DRT-0033] FR_MASTERSLICE shape region query size = 0.
[INFO DRT-0033] FR_VIA shape region query size = 0.
[INFO DRT-0033] li1 shape region query size = 114646.
[INFO DRT-0033] mcon shape region query size = 64663.
[INFO DRT-0033] met1 shape region query size = 15093.
[INFO DRT-0033] via shape region query size = 0.
[INFO DRT-0033] met2 shape region query size = 24.
[INFO DRT-0033] via2 shape region query size = 0.
[INFO DRT-0033] met3 shape region query size = 25.
[INFO DRT-0033] via3 shape region query size = 0.
[INFO DRT-0033] met4 shape region query size = 12.
[INFO DRT-0033] via4 shape region query size = 8.
[INFO DRT-0033] met5 shape region query size = 12.
[INFO DRT-0165] Start pin access.
[INFO DRT-0076]   Complete 1000 pins.
[INFO DRT-0078]   Complete 1001 pins.
[INFO DRT-0079]   Complete 100 unique inst patterns.
[INFO DRT-0081]   Complete 127 unique inst patterns.
[INFO DRT-0084]   Complete 1729 groups.
#scanned instances     = 3518
#unique  instances     = 127
#stdCellGenAp          = 1857
#stdCellValidPlanarAp  = 41
#stdCellValidViaAp     = 1381
#stdCellPinNoAp        = 0
#stdCellPinCnt         = 11613
#instTermValidViaApCnt = 0
#macroGenAp            = 0
#macroValidPlanarAp    = 0
#macroValidViaAp       = 0
#macroNoAp             = 0
[INFO DRT-0166] Complete pin access.
[INFO DRT-0267] cpu time = 00:00:53, elapsed time = 00:00:53, memory = 376.89 (MB), peak = 376.60 (MB)

[INFO DRT-0157] Number of guides:     25823

[INFO DRT-0169] Post process guides.
[INFO DRT-0176] GCELLGRID X 0 DO 37 STEP 6900 ;
[INFO DRT-0177] GCELLGRID Y 0 DO 37 STEP 6900 ;
[INFO DRT-0028]   Complete FR_MASTERSLICE.
[INFO DRT-0028]   Complete Fr_VIA.
[INFO DRT-0028]   Complete li1.
[INFO DRT-0028]   Complete mcon.
[INFO DRT-0028]   Complete met1.
[INFO DRT-0028]   Complete via.
[INFO DRT-0028]   Complete met2.
[INFO DRT-0028]   Complete via2.
[INFO DRT-0028]   Complete met3.
[INFO DRT-0028]   Complete via3.
[INFO DRT-0028]   Complete met4.
[INFO DRT-0028]   Complete via4.
[INFO DRT-0028]   Complete met5.
[INFO DRT-0178] Init guide query.
[INFO DRT-0035]   Complete FR_MASTERSLICE (guide).
[INFO DRT-0035]   Complete Fr_VIA (guide).
[INFO DRT-0035]   Complete li1 (guide).
[INFO DRT-0035]   Complete mcon (guide).
[INFO DRT-0035]   Complete met1 (guide).
[INFO DRT-0035]   Complete via (guide).
[INFO DRT-0035]   Complete met2 (guide).
[INFO DRT-0035]   Complete via2 (guide).
[INFO DRT-0035]   Complete met3 (guide).
[INFO DRT-0035]   Complete via3 (guide).
[INFO DRT-0035]   Complete met4 (guide).
[INFO DRT-0035]   Complete via4 (guide).
[INFO DRT-0035]   Complete met5 (guide).
[INFO DRT-0036] FR_MASTERSLICE guide region query size = 0.
[INFO DRT-0036] FR_VIA guide region query size = 0.
[INFO DRT-0036] li1 guide region query size = 9354.
[INFO DRT-0036] mcon guide region query size = 0.
[INFO DRT-0036] met1 guide region query size = 8165.
[INFO DRT-0036] via guide region query size = 0.
[INFO DRT-0036] met2 guide region query size = 4006.
[INFO DRT-0036] via2 guide region query size = 0.
[INFO DRT-0036] met3 guide region query size = 201.
[INFO DRT-0036] via3 guide region query size = 0.
[INFO DRT-0036] met4 guide region query size = 4.
[INFO DRT-0036] via4 guide region query size = 0.
[INFO DRT-0036] met5 guide region query size = 0.
[INFO DRT-0179] Init gr pin query.
[INFO DRT-0267] cpu time = 00:00:00, elapsed time = 00:00:00, memory = 383.95 (MB), peak = 383.60 (MB)
[INFO DRT-0181] Start track assignment.
[INFO DRT-0184] Done with 13364 vertical wires in 1 frboxes and 8366 horizontal wires in 1 frboxes.
[INFO DRT-0186] Done with 1427 vertical wires in 1 frboxes and 2926 horizontal wires in 1 frboxes.
[INFO DRT-0182] Complete track assignment.
[INFO DRT-0267] cpu time = 00:00:02, elapsed time = 00:00:02, memory = 411.07 (MB), peak = 410.73 (MB)
[INFO DRT-0187] Start routing data preparation.
[INFO DRT-0267] cpu time = 00:00:00, elapsed time = 00:00:00, memory = 411.07 (MB), peak = 410.73 (MB)
[INFO DRT-0194] Start detail routing.
[INFO DRT-0195] Start 0th optimization iteration.
    Completing 10% with 0 violations.
    elapsed time = 00:00:09, memory = 438.45 (MB).
    Completing 20% with 0 violations.
    elapsed time = 00:00:22, memory = 504.52 (MB).
    Completing 30% with 452 violations.
    elapsed time = 00:00:29, memory = 527.08 (MB).
    Completing 40% with 452 violations.
    elapsed time = 00:00:43, memory = 528.04 (MB).
    Completing 50% with 452 violations.
    elapsed time = 00:00:51, memory = 528.06 (MB).
    Completing 60% with 863 violations.
    elapsed time = 00:01:08, memory = 528.06 (MB).
    Completing 70% with 863 violations.
    elapsed time = 00:01:19, memory = 528.58 (MB).
    Completing 80% with 1370 violations.
    elapsed time = 00:01:36, memory = 529.59 (MB).
    Completing 90% with 1370 violations.
    elapsed time = 00:01:49, memory = 529.59 (MB).
    Completing 100% with 1814 violations.
    elapsed time = 00:01:49, memory = 529.59 (MB).
[INFO DRT-0199]   Number of violations = 2176.
Viol/Layer         li1   mcon   met1    via   met2   met3
Cut Spacing          0      4      0      0      0      0
Metal Spacing        0      0    267      0     43      7
Recheck              5      0    256      0     97      4
Short                0      0   1349      2    142      0
[INFO DRT-0267] cpu time = 00:01:50, elapsed time = 00:01:50, memory = 772.78 (MB), peak = 772.40 (MB)
Total wire length = 96800 um.
Total wire length on LAYER li1 = 0 um.
Total wire length on LAYER met1 = 45096 um.
Total wire length on LAYER met2 = 45242 um.
Total wire length on LAYER met3 = 6159 um.
Total wire length on LAYER met4 = 302 um.
Total wire length on LAYER met5 = 0 um.
Total number of vias = 25347.
Up-via summary (total 25347):

------------------------
 FR_MASTERSLICE        0
            li1    11599
           met1    13185
           met2      547
           met3       16
           met4        0
------------------------
               25347


[INFO DRT-0195] Start 1st optimization iteration.
    Completing 10% with 2176 violations.
    elapsed time = 00:00:04, memory = 772.78 (MB).
    Completing 20% with 2176 violations.
    elapsed time = 00:00:25, memory = 772.78 (MB).
    Completing 30% with 1885 violations.
    elapsed time = 00:00:34, memory = 772.78 (MB).
    Completing 40% with 1885 violations.
    elapsed time = 00:00:47, memory = 772.78 (MB).
    Completing 50% with 1885 violations.
    elapsed time = 00:01:01, memory = 772.78 (MB).
    Completing 60% with 1651 violations.
    elapsed time = 00:01:19, memory = 772.78 (MB).
    Completing 70% with 1651 violations.
    elapsed time = 00:01:34, memory = 772.78 (MB).
    Completing 80% with 1337 violations.
    elapsed time = 00:01:55, memory = 772.78 (MB).
    Completing 90% with 1337 violations.
    elapsed time = 00:02:11, memory = 772.78 (MB).
    Completing 100% with 1194 violations.
    elapsed time = 00:02:13, memory = 772.78 (MB).
[INFO DRT-0199]   Number of violations = 1194.
Viol/Layer        mcon   met1   met2   met3
Cut Spacing          1      0      0      0
Metal Spacing        0    140     17      2
Short                0    976     58      0
[INFO DRT-0267] cpu time = 00:02:13, elapsed time = 00:02:13, memory = 772.95 (MB), peak = 772.52 (MB)
Total wire length = 96179 um.
Total wire length on LAYER li1 = 0 um.
Total wire length on LAYER met1 = 44886 um.
Total wire length on LAYER met2 = 44730 um.
Total wire length on LAYER met3 = 6195 um.
Total wire length on LAYER met4 = 366 um.
Total wire length on LAYER met5 = 0 um.
Total number of vias = 25172.
Up-via summary (total 25172):

------------------------
 FR_MASTERSLICE        0
            li1    11594
           met1    13028
           met2      535
           met3       15
           met4        0
------------------------
               25172


[INFO DRT-0195] Start 2nd optimization iteration.
    Completing 10% with 1194 violations.
    elapsed time = 00:00:00, memory = 772.95 (MB).
    Completing 20% with 1194 violations.
    elapsed time = 00:00:21, memory = 772.95 (MB).
    Completing 30% with 1162 violations.
    elapsed time = 00:00:28, memory = 772.95 (MB).
    Completing 40% with 1162 violations.
    elapsed time = 00:00:40, memory = 772.95 (MB).
    Completing 50% with 1162 violations.
    elapsed time = 00:00:55, memory = 772.95 (MB).
    Completing 60% with 1083 violations.
    elapsed time = 00:01:05, memory = 772.95 (MB).
    Completing 70% with 1083 violations.
    elapsed time = 00:01:24, memory = 772.95 (MB).
    Completing 80% with 1077 violations.
    elapsed time = 00:01:36, memory = 772.95 (MB).
    Completing 90% with 1077 violations.
    elapsed time = 00:01:53, memory = 772.95 (MB).
    Completing 100% with 1026 violations.
    elapsed time = 00:02:00, memory = 772.95 (MB).
[INFO DRT-0199]   Number of violations = 1026.
Viol/Layer        mcon   met1    via   met2
Cut Spacing          1      0      0      0
Metal Spacing        0    132      0     14
Min Hole             0      1      0      0
Short                0    831      1     46
[INFO DRT-0267] cpu time = 00:02:00, elapsed time = 00:02:00, memory = 773.75 (MB), peak = 773.27 (MB)
Total wire length = 95979 um.
Total wire length on LAYER li1 = 0 um.
Total wire length on LAYER met1 = 44696 um.
Total wire length on LAYER met2 = 44805 um.
Total wire length on LAYER met3 = 6135 um.
Total wire length on LAYER met4 = 342 um.
Total wire length on LAYER met5 = 0 um.
Total number of vias = 25100.
Up-via summary (total 25100):

------------------------
 FR_MASTERSLICE        0
            li1    11595
           met1    12972
           met2      512
           met3       21
           met4        0
------------------------
               25100


[INFO DRT-0195] Start 3rd optimization iteration.
    Completing 10% with 1026 violations.
    elapsed time = 00:00:11, memory = 773.75 (MB).
    Completing 20% with 1026 violations.
    elapsed time = 00:00:22, memory = 773.75 (MB).
    Completing 30% with 834 violations.
    elapsed time = 00:00:30, memory = 773.75 (MB).
    Completing 40% with 834 violations.
    elapsed time = 00:00:40, memory = 773.75 (MB).
    Completing 50% with 834 violations.
    elapsed time = 00:00:52, memory = 773.75 (MB).
    Completing 60% with 607 violations.
    elapsed time = 00:01:18, memory = 773.75 (MB).
    Completing 70% with 607 violations.
    elapsed time = 00:01:33, memory = 773.75 (MB).
    Completing 80% with 418 violations.
    elapsed time = 00:02:02, memory = 773.75 (MB).
    Completing 90% with 418 violations.
    elapsed time = 00:02:28, memory = 773.75 (MB).
    Completing 100% with 164 violations.
    elapsed time = 00:02:28, memory = 773.75 (MB).
[INFO DRT-0199]   Number of violations = 164.
Viol/Layer        met1   met2
Metal Spacing       21     36
Short               59     48
[INFO DRT-0267] cpu time = 00:02:28, elapsed time = 00:02:28, memory = 773.75 (MB), peak = 773.27 (MB)
Total wire length = 95615 um.
Total wire length on LAYER li1 = 0 um.
Total wire length on LAYER met1 = 40108 um.
Total wire length on LAYER met2 = 44823 um.
Total wire length on LAYER met3 = 10096 um.
Total wire length on LAYER met4 = 586 um.
Total wire length on LAYER met5 = 0 um.
Total number of vias = 25872.
Up-via summary (total 25872):

------------------------
 FR_MASTERSLICE        0
            li1    11585
           met1    12994
           met2     1247
           met3       46
           met4        0
------------------------
               25872


[INFO DRT-0195] Start 4th optimization iteration.
    Completing 10% with 164 violations.
    elapsed time = 00:00:00, memory = 773.75 (MB).
    Completing 20% with 164 violations.
    elapsed time = 00:00:05, memory = 773.75 (MB).
    Completing 30% with 113 violations.
    elapsed time = 00:00:09, memory = 773.75 (MB).
    Completing 40% with 113 violations.
    elapsed time = 00:00:09, memory = 773.75 (MB).
    Completing 50% with 113 violations.
    elapsed time = 00:00:09, memory = 773.75 (MB).
    Completing 60% with 113 violations.
    elapsed time = 00:00:18, memory = 773.75 (MB).
    Completing 70% with 113 violations.
    elapsed time = 00:00:20, memory = 773.75 (MB).
    Completing 80% with 11 violations.
    elapsed time = 00:00:20, memory = 773.75 (MB).
    Completing 90% with 11 violations.
    elapsed time = 00:00:22, memory = 773.75 (MB).
    Completing 100% with 1 violations.
    elapsed time = 00:00:22, memory = 773.75 (MB).
[INFO DRT-0199]   Number of violations = 1.
Viol/Layer        met1
Metal Spacing        1
[INFO DRT-0267] cpu time = 00:00:22, elapsed time = 00:00:22, memory = 773.75 (MB), peak = 773.27 (MB)
Total wire length = 95611 um.
Total wire length on LAYER li1 = 0 um.
Total wire length on LAYER met1 = 40015 um.
Total wire length on LAYER met2 = 44751 um.
Total wire length on LAYER met3 = 10205 um.
Total wire length on LAYER met4 = 639 um.
Total wire length on LAYER met5 = 0 um.
Total number of vias = 25860.
Up-via summary (total 25860):

------------------------
 FR_MASTERSLICE        0
            li1    11585
           met1    12975
           met2     1256
           met3       44
           met4        0
------------------------
               25860


[INFO DRT-0195] Start 5th guides tiles iteration.
    Completing 50% with 1 violations.
    elapsed time = 00:00:00, memory = 773.75 (MB).
    Completing 100% with 0 violations.
    elapsed time = 00:00:00, memory = 773.75 (MB).
[INFO DRT-0199]   Number of violations = 0.
[INFO DRT-0267] cpu time = 00:00:00, elapsed time = 00:00:00, memory = 773.75 (MB), peak = 773.27 (MB)
Total wire length = 95611 um.
Total wire length on LAYER li1 = 0 um.
Total wire length on LAYER met1 = 40015 um.
Total wire length on LAYER met2 = 44755 um.
Total wire length on LAYER met3 = 10205 um.
Total wire length on LAYER met4 = 635 um.
Total wire length on LAYER met5 = 0 um.
Total number of vias = 25860.
Up-via summary (total 25860):

------------------------
 FR_MASTERSLICE        0
            li1    11585
           met1    12975
           met2     1256
           met3       44
           met4        0
------------------------
               25860


[INFO DRT-0198] Complete detail routing.
Total wire length = 95611 um.
Total wire length on LAYER li1 = 0 um.
Total wire length on LAYER met1 = 40015 um.
Total wire length on LAYER met2 = 44755 um.
Total wire length on LAYER met3 = 10205 um.
Total wire length on LAYER met4 = 635 um.
Total wire length on LAYER met5 = 0 um.
Total number of vias = 25860.
Up-via summary (total 25860):

------------------------
 FR_MASTERSLICE        0
            li1    11585
           met1    12975
           met2     1256
           met3       44
           met4        0
------------------------
               25860


[INFO DRT-0267] cpu time = 00:08:56, elapsed time = 00:08:56, memory = 773.75 (MB), peak = 773.27 (MB)
[INFO DRT-0180] Post processing.
[INFO DRT-0501] Runtime: 593.67s
[INFO ANT-0002] Found 11 net violations.
[INFO ANT-0001] Found 11 pin violations.
[INFO GRT-0020] Min routing layer: met1
[INFO GRT-0021] Max routing layer: met5
[INFO GRT-0022] Global adjustment: 0%
[INFO GRT-0023] Grid origin: (0, 0)
[INFO GRT-0088] Layer li1     Track-Pitch = 0.4600  line-2-Via Pitch: 0.3400
[INFO GRT-0088] Layer met1    Track-Pitch = 0.3400  line-2-Via Pitch: 0.3400
[INFO GRT-0088] Layer met2    Track-Pitch = 0.4600  line-2-Via Pitch: 0.3500
[INFO GRT-0088] Layer met3    Track-Pitch = 0.6800  line-2-Via Pitch: 0.6150
[INFO GRT-0088] Layer met4    Track-Pitch = 0.9200  line-2-Via Pitch: 1.0400
[INFO GRT-0088] Layer met5    Track-Pitch = 3.4000  line-2-Via Pitch: 3.1100
[INFO GRT-0003] Macros: 0
[INFO GRT-0004] Blockages: 11637
[INFO GRT-0019] Found 117 clock nets.
[INFO GRT-0001] Minimum degree: 2147483647
[INFO GRT-0002] Maximum degree: 1
[INFO GRT-0006] Repairing antennas, iteration 1.
[INFO GRT-0012] Found 11 antenna violations.
[WARNING GRT-0243] Unable to repair antennas on net with diodes.
[INFO DPL-0006] Core area: 50375.81 um^2, Instances area: 37038.02 um^2, Utilization: 73.5%
[INFO DPL-0005] Diamond search max displacement: +/- 500 sites horizontally, +/- 100 rows vertically.
[INFO DPL-1101] Legalizing using diamond search.
Movements Summary
---------------------------------------
Total cells:                       0
Diamond Move Success:              0 (  0.00%)
Diamond Move Failure:              0
Rip-up and replace Success:        0 (  0.00% of diamond failures)
Rip-up and replace Failure:        0
Total Placement Failures:          0
---------------------------------------
[INFO DPL-0500] Runtime: 0.04s
[INFO GRT-0015] Inserted 11 diodes.
[INFO GRT-0009] rerouting 11 nets.
[INFO GRT-0001] Minimum degree: 3
[INFO GRT-0002] Maximum degree: 6
[INFO ANT-0002] Found 0 net violations.
[INFO ANT-0001] Found 0 pin violations.
[INFO DPL-0001] Placed 3246 filler instances.
Startpoint: __dut__.__uuf__._3332_
            (rising edge-triggered flip-flop clocked by clock)
Endpoint: __dut__.__uuf__._3062_
          (rising edge-triggered flip-flop clocked by clock)
Path Group: clock
Path Type: max

  Delay    Time   Description
---------------------------------------------------------
   0.00    0.00   clock clock (rise edge)
   0.69    0.69   clock network delay (propagated)
   0.00    0.69 ^ __dut__.__uuf__._3332_/CLK (sky130_fd_sc_hd__dfxtp_1)
   0.50    1.19 ^ __dut__.__uuf__._3332_/Q (sky130_fd_sc_hd__dfxtp_1)
   0.51    1.70 v __dut__.__uuf__._2530_/X (sky130_fd_sc_hd__or3b_1)
   0.48    2.17 ^ __dut__.__uuf__._1588_/Y (sky130_fd_sc_hd__a211oi_1)
   0.77    2.94 ^ __dut__.__uuf__._1600_/X (sky130_fd_sc_hd__o211a_1)
   0.30    3.24 ^ __dut__.__uuf__._1647_/Y (sky130_fd_sc_hd__nor4b_1)
   0.22    3.46 ^ place123/X (sky130_fd_sc_hd__buf_4)
   0.13    3.59 v __dut__.__uuf__._1648_/Y (sky130_fd_sc_hd__nor2_1)
   0.27    3.87 v __dut__.__uuf__._2493_/X (sky130_fd_sc_hd__a32o_1)
   0.27    4.14 v __dut__._0941_/X (sky130_fd_sc_hd__mux2_1)
   0.00    4.14 v __dut__.__uuf__._3062_/D (sky130_fd_sc_hd__dfxtp_1)
           4.14   data arrival time

  10.00   10.00   clock clock (rise edge)
   0.69   10.69   clock network delay (propagated)
  -0.20   10.49   clock uncertainty
   0.00   10.49   clock reconvergence pessimism
          10.49 ^ __dut__.__uuf__._3062_/CLK (sky130_fd_sc_hd__dfxtp_1)
  -0.11   10.39   library setup time
          10.39   data required time
---------------------------------------------------------
          10.39   data required time
          -4.14   data arrival time
---------------------------------------------------------
           6.25   slack (MET)


Startpoint: _262_ (rising edge-triggered flip-flop clocked by tck')
Endpoint: tdo (output port clocked by tck)
Path Group: tck
Path Type: max

  Delay    Time   Description
---------------------------------------------------------
  50.00   50.00   clock tck' (rise edge)
   1.03   51.03   clock network delay (propagated)
   0.00   51.03 ^ _262_/CLK (sky130_fd_sc_hd__dfxtp_1)
   0.30   51.33 ^ _262_/Q (sky130_fd_sc_hd__dfxtp_1)
   0.10   51.43 v _105_/Y (sky130_fd_sc_hd__clkinv_1)
   0.16   51.59 ^ _193_/Y (sky130_fd_sc_hd__o21ai_0)
   0.08   51.67 v _194_/Y (sky130_fd_sc_hd__a21oi_1)
   0.23   51.91 ^ _198_/Y (sky130_fd_sc_hd__o31ai_1)
   0.00   51.91 ^ tdo (out)
          51.91   data arrival time

 100.00  100.00   clock tck (rise edge)
   0.00  100.00   clock network delay (propagated)
  -0.20   99.80   clock uncertainty
   0.00   99.80   clock reconvergence pessimism
  -1.00   98.80   output external delay
          98.80   data required time
---------------------------------------------------------
          98.80   data required time
         -51.91   data arrival time
---------------------------------------------------------
          46.89   slack (MET)


Startpoint: __dut__.__uuf__._2919_
            (rising edge-triggered flip-flop clocked by clock)
Endpoint: __dut__.__uuf__._2920_
          (rising edge-triggered flip-flop clocked by clock)
Path Group: clock
Path Type: min

  Delay    Time   Description
---------------------------------------------------------
   0.00    0.00   clock clock (rise edge)
   0.68    0.68   clock network delay (propagated)
   0.00    0.68 ^ __dut__.__uuf__._2919_/CLK (sky130_fd_sc_hd__dfxtp_1)
   0.32    1.00 ^ __dut__.__uuf__._2919_/Q (sky130_fd_sc_hd__dfxtp_1)
   0.12    1.12 ^ __dut__._0799_/X (sky130_fd_sc_hd__mux2_1)
   0.00    1.12 ^ __dut__.__uuf__._2920_/D (sky130_fd_sc_hd__dfxtp_1)
           1.12   data arrival time

   0.00    0.00   clock clock (rise edge)
   0.68    0.68   clock network delay (propagated)
   0.10    0.78   clock uncertainty
   0.00    0.78   clock reconvergence pessimism
           0.78 ^ __dut__.__uuf__._2920_/CLK (sky130_fd_sc_hd__dfxtp_1)
  -0.03    0.75   library hold time
           0.75   data required time
---------------------------------------------------------
           0.75   data required time
          -1.12   data arrival time
---------------------------------------------------------
           0.36   slack (MET)


Startpoint: tms (input port clocked by tck)
Endpoint: _279_ (rising edge-triggered flip-flop clocked by tck)
Path Group: tck
Path Type: min

  Delay    Time   Description
---------------------------------------------------------
   0.00    0.00   clock tck (rise edge)
   0.00    0.00   clock network delay (propagated)
   1.00    1.00 v input external delay
   0.00    1.00 v tms (in)
   0.05    1.05 ^ _163_/Y (sky130_fd_sc_hd__o21ai_0)
   0.05    1.10 v _164_/Y (sky130_fd_sc_hd__nand2_1)
   0.00    1.10 v _279_/D (sky130_fd_sc_hd__dfstp_2)
           1.10   data arrival time

   0.00    0.00   clock tck (rise edge)
   0.89    0.89   clock network delay (propagated)
   0.10    0.99   clock uncertainty
   0.00    0.99   clock reconvergence pessimism
           0.99 ^ _279_/CLK (sky130_fd_sc_hd__dfstp_2)
   0.00    0.99   library hold time
           0.99   data required time
---------------------------------------------------------
           0.99   data required time
          -1.10   data arrival time
---------------------------------------------------------
           0.11   slack (MET)


wns max 0.00
tns max 0.00
[INFO RCX-0435] Reading extraction model file ../../Tech_Lib/rcx_patterns.rules ...
[INFO RCX-0434] Defined process_corner MinMax0 with ext_model_index 0 (using extRulesFile defaults)
[INFO RCX-0436] RC segment generation router_top (max_merge_res 50.0) ...
[INFO RCX-0040] Final 13650 rc segments
[INFO RCX-0439] Coupling Cap extraction router_top ...
[INFO RCX-0440] Coupling threshhold is 0.1000 fF, coupling capacitance less than 0.1000 fF will be grounded.
[INFO RCX-0442] 50% of 24720 wires extracted
[INFO RCX-0442] 100% of 24720 wires extracted
[INFO RCX-0045] Extract 2992 nets, 16610 rsegs, 16610 caps, 31183 ccs
[INFO RCX-0443] 2992 nets finished
[WARNING GUI-0076] QStandardPaths: XDG_RUNTIME_DIR not set, defaulting to '/tmp/runtime-keyur'
