
21. Printing statistics.

=== router_top ===

        +----------Local Count, excluding submodules.
        |        +-Local Area, excluding submodules.
        |        | 
     1519        - wires
     2174        - wire bits
      141        - public wires
      796        - public wire bits
       15        - ports
       43        - port bits
     1962 2.29E+04 cells
        6        -   $scopeinfo
        1    8.758   sky130_fd_sc_hd__a2111oi_0
       17  127.622   sky130_fd_sc_hd__a211oi_1
        6   45.043   sky130_fd_sc_hd__a21boi_0
        5   37.536   sky130_fd_sc_hd__a21o_1
       94  470.451   sky130_fd_sc_hd__a21oi_1
        6   60.058   sky130_fd_sc_hd__a222oi_1
      379 3.32E+03   sky130_fd_sc_hd__a22o_1
       20  150.144   sky130_fd_sc_hd__a22oi_1
        2   17.517   sky130_fd_sc_hd__a311oi_1
       36  225.216   sky130_fd_sc_hd__a31oi_1
       33  330.317   sky130_fd_sc_hd__a32o_1
        2   17.517   sky130_fd_sc_hd__a32oi_1
        5   43.792   sky130_fd_sc_hd__a41oi_1
       28  175.168   sky130_fd_sc_hd__and2_0
        5    31.28   sky130_fd_sc_hd__and3_1
        8   70.067   sky130_fd_sc_hd__and4_1
       24   90.086   sky130_fd_sc_hd__clkinv_1
      586 1.17E+04   sky130_fd_sc_hd__dfxtp_1
        6   67.565   sky130_fd_sc_hd__mux2_1
       20  200.192   sky130_fd_sc_hd__mux2i_1
      125   2815.2   sky130_fd_sc_hd__mux4_2
       77  289.027   sky130_fd_sc_hd__nand2_1
       21  131.376   sky130_fd_sc_hd__nand2b_1
       27   135.13   sky130_fd_sc_hd__nand3_1
        1    7.507   sky130_fd_sc_hd__nand3b_1
       10    62.56   sky130_fd_sc_hd__nand4_1
      140  525.504   sky130_fd_sc_hd__nor2_1
        7   43.792   sky130_fd_sc_hd__nor2b_1
       48   240.23   sky130_fd_sc_hd__nor3_1
        7    52.55   sky130_fd_sc_hd__nor3b_1
       13   81.328   sky130_fd_sc_hd__nor4_1
        2   17.517   sky130_fd_sc_hd__nor4b_1
        2   17.517   sky130_fd_sc_hd__o2111ai_1
        2   20.019   sky130_fd_sc_hd__o211a_1
        8   60.058   sky130_fd_sc_hd__o211ai_1
        4   30.029   sky130_fd_sc_hd__o21a_1
       82  410.394   sky130_fd_sc_hd__o21ai_0
        1    7.507   sky130_fd_sc_hd__o21bai_1
        2   22.522   sky130_fd_sc_hd__o221a_1
        1    8.758   sky130_fd_sc_hd__o221ai_1
        7   61.309   sky130_fd_sc_hd__o22a_1
       10    62.56   sky130_fd_sc_hd__o22ai_1
        4   40.038   sky130_fd_sc_hd__o2bb2a_1
       10   87.584   sky130_fd_sc_hd__o2bb2ai_1
        6    52.55   sky130_fd_sc_hd__o31a_1
        4   30.029   sky130_fd_sc_hd__o31ai_1
        6   37.536   sky130_fd_sc_hd__or2_0
       10    62.56   sky130_fd_sc_hd__or3_1
        1    8.758   sky130_fd_sc_hd__or3b_1
        3   22.522   sky130_fd_sc_hd__or4_1
       18  157.651   sky130_fd_sc_hd__xnor2_1
       14  122.618   sky130_fd_sc_hd__xor2_1

   Area for cell type $scopeinfo is unknown!

   Chip area for module '\router_top': 22943.254400
     of which used for sequential elements: 11731.251200 (51.13%)

