Startpoint: __dut__.__uuf__._2985_
            (rising edge-triggered flip-flop clocked by clock)
Endpoint: __dut__.__uuf__._2986_
          (rising edge-triggered flip-flop clocked by clock)
Path Group: clock
Path Type: min

  Delay    Time   Description
---------------------------------------------------------
   0.00    0.00   clock clock (rise edge)
   0.69    0.69   clock network delay (propagated)
   0.00    0.69 ^ __dut__.__uuf__._2985_/CLK (sky130_fd_sc_hd__dfxtp_1)
   0.33    1.02 ^ __dut__.__uuf__._2985_/Q (sky130_fd_sc_hd__dfxtp_1)
   0.12    1.14 ^ __dut__._0872_/X (sky130_fd_sc_hd__mux2_1)
   0.00    1.14 ^ __dut__.__uuf__._2986_/D (sky130_fd_sc_hd__dfxtp_1)
           1.14   data arrival time

   0.00    0.00   clock clock (rise edge)
   0.69    0.69   clock network delay (propagated)
   0.10    0.79   clock uncertainty
   0.00    0.79   clock reconvergence pessimism
           0.79 ^ __dut__.__uuf__._2986_/CLK (sky130_fd_sc_hd__dfxtp_1)
  -0.03    0.76   library hold time
           0.76   data required time
---------------------------------------------------------
           0.76   data required time
          -1.14   data arrival time
---------------------------------------------------------
           0.38   slack (MET)


Startpoint: tms (input port clocked by tck)
Endpoint: _207_ (rising edge-triggered flip-flop clocked by tck)
Path Group: tck
Path Type: min

  Delay    Time   Description
---------------------------------------------------------
   0.00    0.00   clock tck (rise edge)
   0.00    0.00   clock network delay (propagated)
   1.00    1.00 ^ input external delay
   0.00    1.00 ^ tms (in)
   0.00    1.00 ^ _207_/D (sky130_fd_sc_hd__dfxtp_1)
           1.00   data arrival time

   0.00    0.00   clock tck (rise edge)
   0.80    0.80   clock network delay (propagated)
   0.10    0.90   clock uncertainty
   0.00    0.90   clock reconvergence pessimism
           0.90 ^ _207_/CLK (sky130_fd_sc_hd__dfxtp_1)
  -0.02    0.88   library hold time
           0.88   data required time
---------------------------------------------------------
           0.88   data required time
          -1.00   data arrival time
---------------------------------------------------------
           0.12   slack (MET)


