#! /usr/local/bin/vvp
:ivl_version "14.0 (devel)" "(s20260301-172-g311c22e4d)";
:ivl_delay_selection "TYPICAL";
:vpi_time_precision + 0;
:vpi_module "/usr/local/lib/ivl/system.vpi";
:vpi_module "/usr/local/lib/ivl/vhdl_sys.vpi";
:vpi_module "/usr/local/lib/ivl/vhdl_textio.vpi";
:vpi_module "/usr/local/lib/ivl/v2005_math.vpi";
:vpi_module "/usr/local/lib/ivl/va_math.vpi";
S_0x5b9ec3df4380 .scope module, "router_fsm_tb" "router_fsm_tb" 2 15;
 .timescale 0 0;
P_0x5b9ec3df4510 .param/l "CHECK_PARITY_ERROR" 0 2 29, C4<100>;
P_0x5b9ec3df4550 .param/l "DECODE_ADDRESS" 0 2 25, C4<000>;
P_0x5b9ec3df4590 .param/l "FIFO_FULL_STATE" 0 2 31, C4<110>;
P_0x5b9ec3df45d0 .param/l "LOAD_AFTER_FULL" 0 2 32, C4<111>;
P_0x5b9ec3df4610 .param/l "LOAD_DATA" 0 2 27, C4<010>;
P_0x5b9ec3df4650 .param/l "LOAD_FIRST_DATA" 0 2 26, C4<001>;
P_0x5b9ec3df4690 .param/l "LOAD_PARITY" 0 2 30, C4<101>;
P_0x5b9ec3df46d0 .param/l "WAIT_TILL_EMPTY" 0 2 28, C4<011>;
P_0x5b9ec3df4710 .param/l "cycle" 0 2 21, +C4<00000000000000000000000000001010>;
v0x5b9ec3e3e530_0 .net "busy", 0 0, L_0x5b9ec3e414f0;  1 drivers
v0x5b9ec3e3e5f0_0 .var "clock", 0 0;
v0x5b9ec3e3e690_0 .var "data_in", 1 0;
v0x5b9ec3e3e730_0 .net "detect_add", 0 0, L_0x5b9ec3e3f830;  1 drivers
v0x5b9ec3e3e7d0_0 .var "fifo_empty_0", 0 0;
v0x5b9ec3e3e8c0_0 .var "fifo_empty_1", 0 0;
v0x5b9ec3e3e960_0 .var "fifo_empty_2", 0 0;
v0x5b9ec3e3ea00_0 .var "fifo_full", 0 0;
v0x5b9ec3e3eaa0_0 .net "full_state", 0 0, L_0x5b9ec3e403a0;  1 drivers
v0x5b9ec3e3eb40_0 .net "laf_state", 0 0, L_0x5b9ec3e41d00;  1 drivers
v0x5b9ec3e3ebe0_0 .net "ld_state", 0 0, L_0x5b9ec3e41900;  1 drivers
v0x5b9ec3e3ec80_0 .net "lfd_state", 0 0, L_0x5b9ec3e40780;  1 drivers
v0x5b9ec3e3ed20_0 .var "low_packet_valid", 0 0;
v0x5b9ec3e3edc0_0 .var "parity_done", 0 0;
v0x5b9ec3e3ee90_0 .var "pkt_valid", 0 0;
v0x5b9ec3e3ef60_0 .var "resetn", 0 0;
v0x5b9ec3e3f030_0 .net "rst_int_reg", 0 0, L_0x5b9ec3e42120;  1 drivers
v0x5b9ec3e3f100_0 .var "soft_reset_0", 0 0;
v0x5b9ec3e3f1d0_0 .var "soft_reset_1", 0 0;
v0x5b9ec3e3f2a0_0 .var "soft_reset_2", 0 0;
v0x5b9ec3e3f370_0 .var "string_cmd", 24 0;
v0x5b9ec3e3f410_0 .net "write_enb_reg", 0 0, L_0x5b9ec3e3ffd0;  1 drivers
E_0x5b9ec3de81a0 .event anyedge, v0x5b9ec3ddb550_0;
S_0x5b9ec3dac640 .scope module, "DUT" "router_fsm" 2 23, 3 13 0, S_0x5b9ec3df4380;
 .timescale 0 0;
    .port_info 0 /INPUT 1 "clock";
    .port_info 1 /INPUT 1 "resetn";
    .port_info 2 /INPUT 1 "pkt_valid";
    .port_info 3 /INPUT 2 "data_in";
    .port_info 4 /INPUT 1 "fifo_full";
    .port_info 5 /INPUT 1 "fifo_empty_0";
    .port_info 6 /INPUT 1 "fifo_empty_1";
    .port_info 7 /INPUT 1 "fifo_empty_2";
    .port_info 8 /INPUT 1 "soft_reset_0";
    .port_info 9 /INPUT 1 "soft_reset_1";
    .port_info 10 /INPUT 1 "soft_reset_2";
    .port_info 11 /INPUT 1 "parity_done";
    .port_info 12 /INPUT 1 "low_packet_valid";
    .port_info 13 /OUTPUT 1 "write_enb_reg";
    .port_info 14 /OUTPUT 1 "detect_add";
    .port_info 15 /OUTPUT 1 "ld_state";
    .port_info 16 /OUTPUT 1 "laf_state";
    .port_info 17 /OUTPUT 1 "lfd_state";
    .port_info 18 /OUTPUT 1 "full_state";
    .port_info 19 /OUTPUT 1 "rst_int_reg";
    .port_info 20 /OUTPUT 1 "busy";
P_0x5b9ec3dac820 .param/l "CHECK_PARITY_ERROR" 0 3 27, C4<100>;
P_0x5b9ec3dac860 .param/l "DECODE_ADDRESS" 0 3 23, C4<000>;
P_0x5b9ec3dac8a0 .param/l "FIFO_FULL_STATE" 0 3 29, C4<110>;
P_0x5b9ec3dac8e0 .param/l "LOAD_AFTER_FULL" 0 3 30, C4<111>;
P_0x5b9ec3dac920 .param/l "LOAD_DATA" 0 3 25, C4<010>;
P_0x5b9ec3dac960 .param/l "LOAD_FIRST_DATA" 0 3 24, C4<001>;
P_0x5b9ec3dac9a0 .param/l "LOAD_PARITY" 0 3 28, C4<101>;
P_0x5b9ec3dac9e0 .param/l "WAIT_TILL_EMPTY" 0 3 26, C4<011>;
L_0x5b9ec3dddb40 .functor OR 1, L_0x5b9ec3e3f970, L_0x5b9ec3e3fb30, C4<0>, C4<0>;
L_0x5b9ec3ddb010 .functor OR 1, L_0x5b9ec3dddb40, L_0x5b9ec3e3fcc0, C4<0>, C4<0>;
L_0x5b9ec3ddb2d0 .functor OR 1, L_0x5b9ec3e40940, L_0x5b9ec3e409e0, C4<0>, C4<0>;
L_0x5b9ec3ddb480 .functor OR 1, L_0x5b9ec3ddb2d0, L_0x5b9ec3e40cc0, C4<0>, C4<0>;
L_0x5b9ec3ddb720 .functor OR 1, L_0x5b9ec3ddb480, L_0x5b9ec3e40e50, C4<0>, C4<0>;
L_0x5b9ec3ddbb90 .functor OR 1, L_0x5b9ec3ddb720, L_0x5b9ec3e41030, C4<0>, C4<0>;
L_0x5b9ec3ddbe60 .functor OR 1, L_0x5b9ec3ddbb90, L_0x5b9ec3e411c0, C4<0>, C4<0>;
v0x5b9ec3ddb3e0_0 .var "NS", 2 0;
v0x5b9ec3ddb550_0 .var "PS", 2 0;
L_0x753c0b31f018 .functor BUFT 1, C4<000>, C4<0>, C4<0>, C4<0>;
v0x5b9ec3ddb830_0 .net/2u *"_ivl_0", 2 0, L_0x753c0b31f018;  1 drivers
L_0x753c0b31f648 .functor BUFT 1, C4<010>, C4<0>, C4<0>, C4<0>;
v0x5b9ec3ddbca0_0 .net/2u *"_ivl_102", 2 0, L_0x753c0b31f648;  1 drivers
v0x5b9ec3ddbf70_0 .net *"_ivl_104", 0 0, L_0x5b9ec3e412b0;  1 drivers
L_0x753c0b31f690 .functor BUFT 1, C4<01>, C4<0>, C4<0>, C4<0>;
v0x5b9ec3ddc130_0 .net/2s *"_ivl_106", 1 0, L_0x753c0b31f690;  1 drivers
L_0x753c0b31f6d8 .functor BUFT 1, C4<00>, C4<0>, C4<0>, C4<0>;
v0x5b9ec3dda070_0 .net/2s *"_ivl_108", 1 0, L_0x753c0b31f6d8;  1 drivers
v0x5b9ec3dda470_0 .net *"_ivl_110", 1 0, L_0x5b9ec3e41740;  1 drivers
L_0x753c0b31f720 .functor BUFT 1, C4<111>, C4<0>, C4<0>, C4<0>;
v0x5b9ec3dda600_0 .net/2u *"_ivl_114", 2 0, L_0x753c0b31f720;  1 drivers
v0x5b9ec3dda8e0_0 .net *"_ivl_116", 0 0, L_0x5b9ec3e41a40;  1 drivers
L_0x753c0b31f768 .functor BUFT 1, C4<01>, C4<0>, C4<0>, C4<0>;
v0x5b9ec3ddaaa0_0 .net/2s *"_ivl_118", 1 0, L_0x753c0b31f768;  1 drivers
L_0x753c0b31f0f0 .functor BUFT 1, C4<010>, C4<0>, C4<0>, C4<0>;
v0x5b9ec3dd9720_0 .net/2u *"_ivl_12", 2 0, L_0x753c0b31f0f0;  1 drivers
L_0x753c0b31f7b0 .functor BUFT 1, C4<00>, C4<0>, C4<0>, C4<0>;
v0x5b9ec3e19f20_0 .net/2s *"_ivl_120", 1 0, L_0x753c0b31f7b0;  1 drivers
v0x5b9ec3e1a3a0_0 .net *"_ivl_122", 1 0, L_0x5b9ec3e417e0;  1 drivers
L_0x753c0b31f7f8 .functor BUFT 1, C4<100>, C4<0>, C4<0>, C4<0>;
v0x5b9ec3e1a440_0 .net/2u *"_ivl_126", 2 0, L_0x753c0b31f7f8;  1 drivers
v0x5b9ec3e399b0_0 .net *"_ivl_128", 0 0, L_0x5b9ec3e41b30;  1 drivers
L_0x753c0b31f840 .functor BUFT 1, C4<01>, C4<0>, C4<0>, C4<0>;
v0x5b9ec3e39a70_0 .net/2s *"_ivl_130", 1 0, L_0x753c0b31f840;  1 drivers
L_0x753c0b31f888 .functor BUFT 1, C4<00>, C4<0>, C4<0>, C4<0>;
v0x5b9ec3e39b50_0 .net/2s *"_ivl_132", 1 0, L_0x753c0b31f888;  1 drivers
v0x5b9ec3e39c30_0 .net *"_ivl_134", 1 0, L_0x5b9ec3e41f80;  1 drivers
v0x5b9ec3e39d10_0 .net *"_ivl_14", 0 0, L_0x5b9ec3e3f970;  1 drivers
L_0x753c0b31f138 .functor BUFT 1, C4<101>, C4<0>, C4<0>, C4<0>;
v0x5b9ec3e39dd0_0 .net/2u *"_ivl_16", 2 0, L_0x753c0b31f138;  1 drivers
v0x5b9ec3e39eb0_0 .net *"_ivl_18", 0 0, L_0x5b9ec3e3fb30;  1 drivers
v0x5b9ec3e39f70_0 .net *"_ivl_2", 0 0, L_0x5b9ec3e3f510;  1 drivers
v0x5b9ec3e3a030_0 .net *"_ivl_21", 0 0, L_0x5b9ec3dddb40;  1 drivers
L_0x753c0b31f180 .functor BUFT 1, C4<111>, C4<0>, C4<0>, C4<0>;
v0x5b9ec3e3a0f0_0 .net/2u *"_ivl_22", 2 0, L_0x753c0b31f180;  1 drivers
v0x5b9ec3e3a1d0_0 .net *"_ivl_24", 0 0, L_0x5b9ec3e3fcc0;  1 drivers
v0x5b9ec3e3a290_0 .net *"_ivl_27", 0 0, L_0x5b9ec3ddb010;  1 drivers
L_0x753c0b31f1c8 .functor BUFT 1, C4<01>, C4<0>, C4<0>, C4<0>;
v0x5b9ec3e3a350_0 .net/2s *"_ivl_28", 1 0, L_0x753c0b31f1c8;  1 drivers
L_0x753c0b31f210 .functor BUFT 1, C4<00>, C4<0>, C4<0>, C4<0>;
v0x5b9ec3e3a430_0 .net/2s *"_ivl_30", 1 0, L_0x753c0b31f210;  1 drivers
v0x5b9ec3e3a510_0 .net *"_ivl_32", 1 0, L_0x5b9ec3e3fe40;  1 drivers
L_0x753c0b31f258 .functor BUFT 1, C4<110>, C4<0>, C4<0>, C4<0>;
v0x5b9ec3e3a5f0_0 .net/2u *"_ivl_36", 2 0, L_0x753c0b31f258;  1 drivers
v0x5b9ec3e3a6d0_0 .net *"_ivl_38", 0 0, L_0x5b9ec3e40160;  1 drivers
L_0x753c0b31f060 .functor BUFT 1, C4<01>, C4<0>, C4<0>, C4<0>;
v0x5b9ec3e3a790_0 .net/2s *"_ivl_4", 1 0, L_0x753c0b31f060;  1 drivers
L_0x753c0b31f2a0 .functor BUFT 1, C4<01>, C4<0>, C4<0>, C4<0>;
v0x5b9ec3e3aa80_0 .net/2s *"_ivl_40", 1 0, L_0x753c0b31f2a0;  1 drivers
L_0x753c0b31f2e8 .functor BUFT 1, C4<00>, C4<0>, C4<0>, C4<0>;
v0x5b9ec3e3ab60_0 .net/2s *"_ivl_42", 1 0, L_0x753c0b31f2e8;  1 drivers
v0x5b9ec3e3ac40_0 .net *"_ivl_44", 1 0, L_0x5b9ec3e40200;  1 drivers
L_0x753c0b31f330 .functor BUFT 1, C4<001>, C4<0>, C4<0>, C4<0>;
v0x5b9ec3e3ad20_0 .net/2u *"_ivl_48", 2 0, L_0x753c0b31f330;  1 drivers
v0x5b9ec3e3ae00_0 .net *"_ivl_50", 0 0, L_0x5b9ec3e404e0;  1 drivers
L_0x753c0b31f378 .functor BUFT 1, C4<01>, C4<0>, C4<0>, C4<0>;
v0x5b9ec3e3aec0_0 .net/2s *"_ivl_52", 1 0, L_0x753c0b31f378;  1 drivers
L_0x753c0b31f3c0 .functor BUFT 1, C4<00>, C4<0>, C4<0>, C4<0>;
v0x5b9ec3e3afa0_0 .net/2s *"_ivl_54", 1 0, L_0x753c0b31f3c0;  1 drivers
v0x5b9ec3e3b080_0 .net *"_ivl_56", 1 0, L_0x5b9ec3e40640;  1 drivers
L_0x753c0b31f0a8 .functor BUFT 1, C4<00>, C4<0>, C4<0>, C4<0>;
v0x5b9ec3e3b160_0 .net/2s *"_ivl_6", 1 0, L_0x753c0b31f0a8;  1 drivers
L_0x753c0b31f408 .functor BUFT 1, C4<110>, C4<0>, C4<0>, C4<0>;
v0x5b9ec3e3b240_0 .net/2u *"_ivl_60", 2 0, L_0x753c0b31f408;  1 drivers
v0x5b9ec3e3b320_0 .net *"_ivl_62", 0 0, L_0x5b9ec3e40940;  1 drivers
L_0x753c0b31f450 .functor BUFT 1, C4<111>, C4<0>, C4<0>, C4<0>;
v0x5b9ec3e3b3e0_0 .net/2u *"_ivl_64", 2 0, L_0x753c0b31f450;  1 drivers
v0x5b9ec3e3b4c0_0 .net *"_ivl_66", 0 0, L_0x5b9ec3e409e0;  1 drivers
v0x5b9ec3e3b580_0 .net *"_ivl_69", 0 0, L_0x5b9ec3ddb2d0;  1 drivers
L_0x753c0b31f498 .functor BUFT 1, C4<011>, C4<0>, C4<0>, C4<0>;
v0x5b9ec3e3b640_0 .net/2u *"_ivl_70", 2 0, L_0x753c0b31f498;  1 drivers
v0x5b9ec3e3b720_0 .net *"_ivl_72", 0 0, L_0x5b9ec3e40cc0;  1 drivers
v0x5b9ec3e3b7e0_0 .net *"_ivl_75", 0 0, L_0x5b9ec3ddb480;  1 drivers
L_0x753c0b31f4e0 .functor BUFT 1, C4<001>, C4<0>, C4<0>, C4<0>;
v0x5b9ec3e3b8a0_0 .net/2u *"_ivl_76", 2 0, L_0x753c0b31f4e0;  1 drivers
v0x5b9ec3e3b980_0 .net *"_ivl_78", 0 0, L_0x5b9ec3e40e50;  1 drivers
v0x5b9ec3e3ba40_0 .net *"_ivl_8", 1 0, L_0x5b9ec3e3f670;  1 drivers
v0x5b9ec3e3bb20_0 .net *"_ivl_81", 0 0, L_0x5b9ec3ddb720;  1 drivers
L_0x753c0b31f528 .functor BUFT 1, C4<101>, C4<0>, C4<0>, C4<0>;
v0x5b9ec3e3bbe0_0 .net/2u *"_ivl_82", 2 0, L_0x753c0b31f528;  1 drivers
v0x5b9ec3e3bcc0_0 .net *"_ivl_84", 0 0, L_0x5b9ec3e41030;  1 drivers
v0x5b9ec3e3bd80_0 .net *"_ivl_87", 0 0, L_0x5b9ec3ddbb90;  1 drivers
L_0x753c0b31f570 .functor BUFT 1, C4<100>, C4<0>, C4<0>, C4<0>;
v0x5b9ec3e3be40_0 .net/2u *"_ivl_88", 2 0, L_0x753c0b31f570;  1 drivers
v0x5b9ec3e3bf20_0 .net *"_ivl_90", 0 0, L_0x5b9ec3e411c0;  1 drivers
v0x5b9ec3e3bfe0_0 .net *"_ivl_93", 0 0, L_0x5b9ec3ddbe60;  1 drivers
L_0x753c0b31f5b8 .functor BUFT 1, C4<01>, C4<0>, C4<0>, C4<0>;
v0x5b9ec3e3c0a0_0 .net/2s *"_ivl_94", 1 0, L_0x753c0b31f5b8;  1 drivers
L_0x753c0b31f600 .functor BUFT 1, C4<00>, C4<0>, C4<0>, C4<0>;
v0x5b9ec3e3c180_0 .net/2s *"_ivl_96", 1 0, L_0x753c0b31f600;  1 drivers
v0x5b9ec3e3c260_0 .net *"_ivl_98", 1 0, L_0x5b9ec3e41360;  1 drivers
v0x5b9ec3e3c340_0 .net "busy", 0 0, L_0x5b9ec3e414f0;  alias, 1 drivers
v0x5b9ec3e3c400_0 .net "clock", 0 0, v0x5b9ec3e3e5f0_0;  1 drivers
v0x5b9ec3e3c8d0_0 .net "data_in", 1 0, v0x5b9ec3e3e690_0;  1 drivers
v0x5b9ec3e3c9b0_0 .net "detect_add", 0 0, L_0x5b9ec3e3f830;  alias, 1 drivers
v0x5b9ec3e3ca70_0 .net "fifo_empty_0", 0 0, v0x5b9ec3e3e7d0_0;  1 drivers
v0x5b9ec3e3cb30_0 .net "fifo_empty_1", 0 0, v0x5b9ec3e3e8c0_0;  1 drivers
v0x5b9ec3e3cbf0_0 .net "fifo_empty_2", 0 0, v0x5b9ec3e3e960_0;  1 drivers
v0x5b9ec3e3ccb0_0 .net "fifo_full", 0 0, v0x5b9ec3e3ea00_0;  1 drivers
v0x5b9ec3e3cd70_0 .net "full_state", 0 0, L_0x5b9ec3e403a0;  alias, 1 drivers
v0x5b9ec3e3ce30_0 .net "laf_state", 0 0, L_0x5b9ec3e41d00;  alias, 1 drivers
v0x5b9ec3e3cef0_0 .net "ld_state", 0 0, L_0x5b9ec3e41900;  alias, 1 drivers
v0x5b9ec3e3cfb0_0 .net "lfd_state", 0 0, L_0x5b9ec3e40780;  alias, 1 drivers
v0x5b9ec3e3d070_0 .net "low_packet_valid", 0 0, v0x5b9ec3e3ed20_0;  1 drivers
v0x5b9ec3e3d130_0 .net "parity_done", 0 0, v0x5b9ec3e3edc0_0;  1 drivers
v0x5b9ec3e3d1f0_0 .net "pkt_valid", 0 0, v0x5b9ec3e3ee90_0;  1 drivers
v0x5b9ec3e3d2b0_0 .net "resetn", 0 0, v0x5b9ec3e3ef60_0;  1 drivers
v0x5b9ec3e3d370_0 .net "rst_int_reg", 0 0, L_0x5b9ec3e42120;  alias, 1 drivers
v0x5b9ec3e3d430_0 .net "soft_reset_0", 0 0, v0x5b9ec3e3f100_0;  1 drivers
v0x5b9ec3e3d4f0_0 .net "soft_reset_1", 0 0, v0x5b9ec3e3f1d0_0;  1 drivers
v0x5b9ec3e3d5b0_0 .net "soft_reset_2", 0 0, v0x5b9ec3e3f2a0_0;  1 drivers
v0x5b9ec3e3d670_0 .net "write_enb_reg", 0 0, L_0x5b9ec3e3ffd0;  alias, 1 drivers
E_0x5b9ec3de7ee0/0 .event anyedge, v0x5b9ec3ddb550_0, v0x5b9ec3e3d1f0_0, v0x5b9ec3e3c8d0_0, v0x5b9ec3e3ca70_0;
E_0x5b9ec3de7ee0/1 .event anyedge, v0x5b9ec3e3cb30_0, v0x5b9ec3e3cbf0_0, v0x5b9ec3e3ccb0_0, v0x5b9ec3e3d130_0;
E_0x5b9ec3de7ee0/2 .event anyedge, v0x5b9ec3e3d070_0;
E_0x5b9ec3de7ee0 .event/or E_0x5b9ec3de7ee0/0, E_0x5b9ec3de7ee0/1, E_0x5b9ec3de7ee0/2;
E_0x5b9ec3de7d80 .event posedge, v0x5b9ec3e3c400_0;
L_0x5b9ec3e3f510 .cmp/eq 3, v0x5b9ec3ddb550_0, L_0x753c0b31f018;
L_0x5b9ec3e3f670 .functor MUXZ 2, L_0x753c0b31f0a8, L_0x753c0b31f060, L_0x5b9ec3e3f510, C4<>;
L_0x5b9ec3e3f830 .part L_0x5b9ec3e3f670, 0, 1;
L_0x5b9ec3e3f970 .cmp/eq 3, v0x5b9ec3ddb550_0, L_0x753c0b31f0f0;
L_0x5b9ec3e3fb30 .cmp/eq 3, v0x5b9ec3ddb550_0, L_0x753c0b31f138;
L_0x5b9ec3e3fcc0 .cmp/eq 3, v0x5b9ec3ddb550_0, L_0x753c0b31f180;
L_0x5b9ec3e3fe40 .functor MUXZ 2, L_0x753c0b31f210, L_0x753c0b31f1c8, L_0x5b9ec3ddb010, C4<>;
L_0x5b9ec3e3ffd0 .part L_0x5b9ec3e3fe40, 0, 1;
L_0x5b9ec3e40160 .cmp/eq 3, v0x5b9ec3ddb550_0, L_0x753c0b31f258;
L_0x5b9ec3e40200 .functor MUXZ 2, L_0x753c0b31f2e8, L_0x753c0b31f2a0, L_0x5b9ec3e40160, C4<>;
L_0x5b9ec3e403a0 .part L_0x5b9ec3e40200, 0, 1;
L_0x5b9ec3e404e0 .cmp/eq 3, v0x5b9ec3ddb550_0, L_0x753c0b31f330;
L_0x5b9ec3e40640 .functor MUXZ 2, L_0x753c0b31f3c0, L_0x753c0b31f378, L_0x5b9ec3e404e0, C4<>;
L_0x5b9ec3e40780 .part L_0x5b9ec3e40640, 0, 1;
L_0x5b9ec3e40940 .cmp/eq 3, v0x5b9ec3ddb550_0, L_0x753c0b31f408;
L_0x5b9ec3e409e0 .cmp/eq 3, v0x5b9ec3ddb550_0, L_0x753c0b31f450;
L_0x5b9ec3e40cc0 .cmp/eq 3, v0x5b9ec3ddb550_0, L_0x753c0b31f498;
L_0x5b9ec3e40e50 .cmp/eq 3, v0x5b9ec3ddb550_0, L_0x753c0b31f4e0;
L_0x5b9ec3e41030 .cmp/eq 3, v0x5b9ec3ddb550_0, L_0x753c0b31f528;
L_0x5b9ec3e411c0 .cmp/eq 3, v0x5b9ec3ddb550_0, L_0x753c0b31f570;
L_0x5b9ec3e41360 .functor MUXZ 2, L_0x753c0b31f600, L_0x753c0b31f5b8, L_0x5b9ec3ddbe60, C4<>;
L_0x5b9ec3e414f0 .part L_0x5b9ec3e41360, 0, 1;
L_0x5b9ec3e412b0 .cmp/eq 3, v0x5b9ec3ddb550_0, L_0x753c0b31f648;
L_0x5b9ec3e41740 .functor MUXZ 2, L_0x753c0b31f6d8, L_0x753c0b31f690, L_0x5b9ec3e412b0, C4<>;
L_0x5b9ec3e41900 .part L_0x5b9ec3e41740, 0, 1;
L_0x5b9ec3e41a40 .cmp/eq 3, v0x5b9ec3ddb550_0, L_0x753c0b31f720;
L_0x5b9ec3e417e0 .functor MUXZ 2, L_0x753c0b31f7b0, L_0x753c0b31f768, L_0x5b9ec3e41a40, C4<>;
L_0x5b9ec3e41d00 .part L_0x5b9ec3e417e0, 0, 1;
L_0x5b9ec3e41b30 .cmp/eq 3, v0x5b9ec3ddb550_0, L_0x753c0b31f7f8;
L_0x5b9ec3e41f80 .functor MUXZ 2, L_0x753c0b31f888, L_0x753c0b31f840, L_0x5b9ec3e41b30, C4<>;
L_0x5b9ec3e42120 .part L_0x5b9ec3e41f80, 0, 1;
S_0x5b9ec3e3d9d0 .scope task, "initialize" "initialize" 2 58, 2 58 0, S_0x5b9ec3df4380;
 .timescale 0 0;
TD_router_fsm_tb.initialize ;
    %pushi/vec4 0, 0, 7;
    %split/vec4 1;
    %store/vec4 v0x5b9ec3e3ed20_0, 0, 1;
    %split/vec4 1;
    %store/vec4 v0x5b9ec3e3edc0_0, 0, 1;
    %split/vec4 1;
    %store/vec4 v0x5b9ec3e3ea00_0, 0, 1;
    %split/vec4 1;
    %store/vec4 v0x5b9ec3e3e960_0, 0, 1;
    %split/vec4 1;
    %store/vec4 v0x5b9ec3e3e8c0_0, 0, 1;
    %split/vec4 1;
    %store/vec4 v0x5b9ec3e3e7d0_0, 0, 1;
    %store/vec4 v0x5b9ec3e3ee90_0, 0, 1;
    %end;
S_0x5b9ec3e3db80 .scope task, "rst" "rst" 2 64, 2 64 0, S_0x5b9ec3df4380;
 .timescale 0 0;
E_0x5b9ec3de8040 .event negedge, v0x5b9ec3e3c400_0;
TD_router_fsm_tb.rst ;
    %wait E_0x5b9ec3de8040;
    %pushi/vec4 0, 0, 1;
    %store/vec4 v0x5b9ec3e3ef60_0, 0, 1;
    %wait E_0x5b9ec3de8040;
    %pushi/vec4 1, 0, 1;
    %store/vec4 v0x5b9ec3e3ef60_0, 0, 1;
    %end;
S_0x5b9ec3e3dd60 .scope task, "t1" "t1" 2 73, 2 73 0, S_0x5b9ec3df4380;
 .timescale 0 0;
TD_router_fsm_tb.t1 ;
    %wait E_0x5b9ec3de8040;
    %pushi/vec4 1, 0, 1;
    %assign/vec4 v0x5b9ec3e3ee90_0, 0;
    %pushi/vec4 0, 0, 2;
    %assign/vec4 v0x5b9ec3e3e690_0, 0;
    %pushi/vec4 1, 0, 1;
    %assign/vec4 v0x5b9ec3e3e7d0_0, 0;
    %wait E_0x5b9ec3de8040;
    %wait E_0x5b9ec3de8040;
    %pushi/vec4 0, 0, 1;
    %assign/vec4 v0x5b9ec3e3ea00_0, 0;
    %pushi/vec4 0, 0, 1;
    %assign/vec4 v0x5b9ec3e3ee90_0, 0;
    %wait E_0x5b9ec3de8040;
    %wait E_0x5b9ec3de8040;
    %pushi/vec4 0, 0, 1;
    %assign/vec4 v0x5b9ec3e3ea00_0, 0;
    %end;
S_0x5b9ec3e3df40 .scope task, "t2" "t2" 2 93, 2 93 0, S_0x5b9ec3df4380;
 .timescale 0 0;
TD_router_fsm_tb.t2 ;
    %wait E_0x5b9ec3de8040;
    %pushi/vec4 1, 0, 1;
    %assign/vec4 v0x5b9ec3e3ee90_0, 0;
    %pushi/vec4 0, 0, 2;
    %assign/vec4 v0x5b9ec3e3e690_0, 0;
    %pushi/vec4 1, 0, 1;
    %assign/vec4 v0x5b9ec3e3e7d0_0, 0;
    %wait E_0x5b9ec3de8040;
    %wait E_0x5b9ec3de8040;
    %pushi/vec4 1, 0, 1;
    %assign/vec4 v0x5b9ec3e3ea00_0, 0;
    %wait E_0x5b9ec3de8040;
    %pushi/vec4 0, 0, 1;
    %assign/vec4 v0x5b9ec3e3ea00_0, 0;
    %wait E_0x5b9ec3de8040;
    %pushi/vec4 0, 0, 1;
    %assign/vec4 v0x5b9ec3e3edc0_0, 0;
    %pushi/vec4 1, 0, 1;
    %assign/vec4 v0x5b9ec3e3ed20_0, 0;
    %wait E_0x5b9ec3de8040;
    %wait E_0x5b9ec3de8040;
    %pushi/vec4 0, 0, 1;
    %assign/vec4 v0x5b9ec3e3ea00_0, 0;
    %end;
S_0x5b9ec3e3e170 .scope task, "t3" "t3" 2 117, 2 117 0, S_0x5b9ec3df4380;
 .timescale 0 0;
TD_router_fsm_tb.t3 ;
    %wait E_0x5b9ec3de8040;
    %pushi/vec4 1, 0, 1;
    %assign/vec4 v0x5b9ec3e3ee90_0, 0;
    %pushi/vec4 0, 0, 2;
    %assign/vec4 v0x5b9ec3e3e690_0, 0;
    %pushi/vec4 1, 0, 1;
    %assign/vec4 v0x5b9ec3e3e7d0_0, 0;
    %wait E_0x5b9ec3de8040;
    %wait E_0x5b9ec3de8040;
    %pushi/vec4 1, 0, 1;
    %assign/vec4 v0x5b9ec3e3ea00_0, 0;
    %wait E_0x5b9ec3de8040;
    %pushi/vec4 0, 0, 1;
    %assign/vec4 v0x5b9ec3e3ea00_0, 0;
    %wait E_0x5b9ec3de8040;
    %pushi/vec4 0, 0, 1;
    %assign/vec4 v0x5b9ec3e3ed20_0, 0;
    %pushi/vec4 0, 0, 1;
    %assign/vec4 v0x5b9ec3e3edc0_0, 0;
    %wait E_0x5b9ec3de8040;
    %pushi/vec4 0, 0, 1;
    %assign/vec4 v0x5b9ec3e3ea00_0, 0;
    %pushi/vec4 0, 0, 1;
    %assign/vec4 v0x5b9ec3e3ee90_0, 0;
    %wait E_0x5b9ec3de8040;
    %wait E_0x5b9ec3de8040;
    %pushi/vec4 0, 0, 1;
    %assign/vec4 v0x5b9ec3e3ea00_0, 0;
    %end;
S_0x5b9ec3e3e350 .scope task, "t4" "t4" 2 147, 2 147 0, S_0x5b9ec3df4380;
 .timescale 0 0;
TD_router_fsm_tb.t4 ;
    %wait E_0x5b9ec3de8040;
    %pushi/vec4 1, 0, 1;
    %assign/vec4 v0x5b9ec3e3ee90_0, 0;
    %pushi/vec4 0, 0, 2;
    %assign/vec4 v0x5b9ec3e3e690_0, 0;
    %pushi/vec4 1, 0, 1;
    %assign/vec4 v0x5b9ec3e3e7d0_0, 0;
    %wait E_0x5b9ec3de8040;
    %wait E_0x5b9ec3de8040;
    %pushi/vec4 0, 0, 1;
    %assign/vec4 v0x5b9ec3e3ea00_0, 0;
    %pushi/vec4 0, 0, 1;
    %assign/vec4 v0x5b9ec3e3ee90_0, 0;
    %wait E_0x5b9ec3de8040;
    %wait E_0x5b9ec3de8040;
    %pushi/vec4 1, 0, 1;
    %assign/vec4 v0x5b9ec3e3ea00_0, 0;
    %wait E_0x5b9ec3de8040;
    %pushi/vec4 0, 0, 1;
    %assign/vec4 v0x5b9ec3e3ea00_0, 0;
    %wait E_0x5b9ec3de8040;
    %pushi/vec4 1, 0, 1;
    %store/vec4 v0x5b9ec3e3edc0_0, 0, 1;
    %end;
    .scope S_0x5b9ec3dac640;
T_6 ;
    %wait E_0x5b9ec3de7d80;
    %load/vec4 v0x5b9ec3e3d2b0_0;
    %nor/r;
    %flag_set/vec4 8;
    %jmp/0xz  T_6.0, 8;
    %pushi/vec4 0, 0, 3;
    %assign/vec4 v0x5b9ec3ddb550_0, 0;
    %jmp T_6.1;
T_6.0 ;
    %load/vec4 v0x5b9ec3e3d430_0;
    %flag_set/vec4 8;
    %jmp/1 T_6.5, 8;
    %load/vec4 v0x5b9ec3e3d4f0_0;
    %flag_set/vec4 9;
    %flag_or 8, 9;
T_6.5;
    %jmp/1 T_6.4, 8;
    %load/vec4 v0x5b9ec3e3d5b0_0;
    %flag_set/vec4 9;
    %flag_or 8, 9;
T_6.4;
    %jmp/0xz  T_6.2, 8;
    %pushi/vec4 0, 0, 3;
    %assign/vec4 v0x5b9ec3ddb550_0, 0;
    %jmp T_6.3;
T_6.2 ;
    %load/vec4 v0x5b9ec3ddb3e0_0;
    %assign/vec4 v0x5b9ec3ddb550_0, 0;
T_6.3 ;
T_6.1 ;
    %jmp T_6;
    .thread T_6;
    .scope S_0x5b9ec3dac640;
T_7 ;
    %wait E_0x5b9ec3de7ee0;
    %pushi/vec4 0, 0, 3;
    %store/vec4 v0x5b9ec3ddb3e0_0, 0, 3;
    %load/vec4 v0x5b9ec3ddb550_0;
    %dup/vec4;
    %pushi/vec4 0, 0, 3;
    %cmp/e;
    %jmp/1 T_7.0, 6;
    %dup/vec4;
    %pushi/vec4 1, 0, 3;
    %cmp/e;
    %jmp/1 T_7.1, 6;
    %dup/vec4;
    %pushi/vec4 2, 0, 3;
    %cmp/e;
    %jmp/1 T_7.2, 6;
    %dup/vec4;
    %pushi/vec4 3, 0, 3;
    %cmp/e;
    %jmp/1 T_7.3, 6;
    %dup/vec4;
    %pushi/vec4 4, 0, 3;
    %cmp/e;
    %jmp/1 T_7.4, 6;
    %dup/vec4;
    %pushi/vec4 5, 0, 3;
    %cmp/e;
    %jmp/1 T_7.5, 6;
    %dup/vec4;
    %pushi/vec4 6, 0, 3;
    %cmp/e;
    %jmp/1 T_7.6, 6;
    %dup/vec4;
    %pushi/vec4 7, 0, 3;
    %cmp/e;
    %jmp/1 T_7.7, 6;
    %jmp T_7.8;
T_7.0 ;
    %load/vec4 v0x5b9ec3e3d1f0_0;
    %flag_set/vec4 10;
    %flag_get/vec4 10;
    %jmp/0 T_7.14, 10;
    %load/vec4 v0x5b9ec3e3c8d0_0;
    %pad/u 32;
    %pushi/vec4 0, 0, 32;
    %cmp/e;
    %flag_get/vec4 4;
    %and;
T_7.14;
    %flag_set/vec4 9;
    %flag_get/vec4 9;
    %jmp/0 T_7.13, 9;
    %load/vec4 v0x5b9ec3e3ca70_0;
    %and;
T_7.13;
    %flag_set/vec4 8;
    %jmp/1 T_7.12, 8;
    %load/vec4 v0x5b9ec3e3d1f0_0;
    %flag_set/vec4 11;
    %flag_get/vec4 11;
    %jmp/0 T_7.16, 11;
    %load/vec4 v0x5b9ec3e3c8d0_0;
    %pad/u 32;
    %pushi/vec4 1, 0, 32;
    %cmp/e;
    %flag_get/vec4 4;
    %and;
T_7.16;
    %flag_set/vec4 10;
    %flag_get/vec4 10;
    %jmp/0 T_7.15, 10;
    %load/vec4 v0x5b9ec3e3cb30_0;
    %and;
T_7.15;
    %flag_set/vec4 9;
    %flag_or 8, 9;
T_7.12;
    %jmp/1 T_7.11, 8;
    %load/vec4 v0x5b9ec3e3d1f0_0;
    %flag_set/vec4 11;
    %flag_get/vec4 11;
    %jmp/0 T_7.18, 11;
    %load/vec4 v0x5b9ec3e3c8d0_0;
    %pad/u 32;
    %pushi/vec4 2, 0, 32;
    %cmp/e;
    %flag_get/vec4 4;
    %and;
T_7.18;
    %flag_set/vec4 10;
    %flag_get/vec4 10;
    %jmp/0 T_7.17, 10;
    %load/vec4 v0x5b9ec3e3cbf0_0;
    %and;
T_7.17;
    %flag_set/vec4 9;
    %flag_or 8, 9;
T_7.11;
    %jmp/0xz  T_7.9, 8;
    %pushi/vec4 1, 0, 3;
    %store/vec4 v0x5b9ec3ddb3e0_0, 0, 3;
    %jmp T_7.10;
T_7.9 ;
    %load/vec4 v0x5b9ec3e3d1f0_0;
    %flag_set/vec4 10;
    %flag_get/vec4 10;
    %jmp/0 T_7.24, 10;
    %load/vec4 v0x5b9ec3e3c8d0_0;
    %pad/u 32;
    %pushi/vec4 0, 0, 32;
    %cmp/e;
    %flag_get/vec4 4;
    %and;
T_7.24;
    %flag_set/vec4 9;
    %flag_get/vec4 9;
    %jmp/0 T_7.23, 9;
    %load/vec4 v0x5b9ec3e3ca70_0;
    %inv;
    %and;
T_7.23;
    %flag_set/vec4 8;
    %jmp/1 T_7.22, 8;
    %load/vec4 v0x5b9ec3e3d1f0_0;
    %flag_set/vec4 11;
    %flag_get/vec4 11;
    %jmp/0 T_7.26, 11;
    %load/vec4 v0x5b9ec3e3c8d0_0;
    %pad/u 32;
    %pushi/vec4 1, 0, 32;
    %cmp/e;
    %flag_get/vec4 4;
    %and;
T_7.26;
    %flag_set/vec4 10;
    %flag_get/vec4 10;
    %jmp/0 T_7.25, 10;
    %load/vec4 v0x5b9ec3e3cb30_0;
    %inv;
    %and;
T_7.25;
    %flag_set/vec4 9;
    %flag_or 8, 9;
T_7.22;
    %jmp/1 T_7.21, 8;
    %load/vec4 v0x5b9ec3e3d1f0_0;
    %flag_set/vec4 11;
    %flag_get/vec4 11;
    %jmp/0 T_7.28, 11;
    %load/vec4 v0x5b9ec3e3c8d0_0;
    %pad/u 32;
    %pushi/vec4 2, 0, 32;
    %cmp/e;
    %flag_get/vec4 4;
    %and;
T_7.28;
    %flag_set/vec4 10;
    %flag_get/vec4 10;
    %jmp/0 T_7.27, 10;
    %load/vec4 v0x5b9ec3e3cbf0_0;
    %inv;
    %and;
T_7.27;
    %flag_set/vec4 9;
    %flag_or 8, 9;
T_7.21;
    %jmp/0xz  T_7.19, 8;
    %pushi/vec4 3, 0, 3;
    %store/vec4 v0x5b9ec3ddb3e0_0, 0, 3;
    %jmp T_7.20;
T_7.19 ;
    %pushi/vec4 0, 0, 3;
    %store/vec4 v0x5b9ec3ddb3e0_0, 0, 3;
T_7.20 ;
T_7.10 ;
    %jmp T_7.8;
T_7.1 ;
    %pushi/vec4 2, 0, 3;
    %store/vec4 v0x5b9ec3ddb3e0_0, 0, 3;
    %jmp T_7.8;
T_7.2 ;
    %load/vec4 v0x5b9ec3e3ccb0_0;
    %flag_set/vec4 8;
    %jmp/0xz  T_7.29, 8;
    %pushi/vec4 6, 0, 3;
    %store/vec4 v0x5b9ec3ddb3e0_0, 0, 3;
    %jmp T_7.30;
T_7.29 ;
    %load/vec4 v0x5b9ec3e3ccb0_0;
    %nor/r;
    %flag_set/vec4 9;
    %flag_get/vec4 9;
    %jmp/0 T_7.33, 9;
    %load/vec4 v0x5b9ec3e3d1f0_0;
    %nor/r;
    %and;
T_7.33;
    %flag_set/vec4 8;
    %jmp/0xz  T_7.31, 8;
    %pushi/vec4 5, 0, 3;
    %store/vec4 v0x5b9ec3ddb3e0_0, 0, 3;
    %jmp T_7.32;
T_7.31 ;
    %pushi/vec4 2, 0, 3;
    %store/vec4 v0x5b9ec3ddb3e0_0, 0, 3;
T_7.32 ;
T_7.30 ;
    %jmp T_7.8;
T_7.3 ;
    %load/vec4 v0x5b9ec3e3ca70_0;
    %nor/r;
    %flag_set/vec4 8;
    %jmp/1 T_7.37, 8;
    %load/vec4 v0x5b9ec3e3cb30_0;
    %nor/r;
    %flag_set/vec4 9;
    %flag_or 8, 9;
T_7.37;
    %jmp/1 T_7.36, 8;
    %load/vec4 v0x5b9ec3e3cbf0_0;
    %nor/r;
    %flag_set/vec4 9;
    %flag_or 8, 9;
T_7.36;
    %jmp/0xz  T_7.34, 8;
    %pushi/vec4 3, 0, 3;
    %store/vec4 v0x5b9ec3ddb3e0_0, 0, 3;
    %jmp T_7.35;
T_7.34 ;
    %load/vec4 v0x5b9ec3e3ca70_0;
    %flag_set/vec4 8;
    %jmp/1 T_7.41, 8;
    %load/vec4 v0x5b9ec3e3cb30_0;
    %flag_set/vec4 9;
    %flag_or 8, 9;
T_7.41;
    %jmp/1 T_7.40, 8;
    %load/vec4 v0x5b9ec3e3cbf0_0;
    %flag_set/vec4 9;
    %flag_or 8, 9;
T_7.40;
    %jmp/0xz  T_7.38, 8;
    %pushi/vec4 1, 0, 3;
    %store/vec4 v0x5b9ec3ddb3e0_0, 0, 3;
    %jmp T_7.39;
T_7.38 ;
    %pushi/vec4 3, 0, 3;
    %store/vec4 v0x5b9ec3ddb3e0_0, 0, 3;
T_7.39 ;
T_7.35 ;
    %jmp T_7.8;
T_7.4 ;
    %load/vec4 v0x5b9ec3e3ccb0_0;
    %flag_set/vec4 8;
    %jmp/0xz  T_7.42, 8;
    %pushi/vec4 6, 0, 3;
    %store/vec4 v0x5b9ec3ddb3e0_0, 0, 3;
    %jmp T_7.43;
T_7.42 ;
    %pushi/vec4 0, 0, 3;
    %store/vec4 v0x5b9ec3ddb3e0_0, 0, 3;
T_7.43 ;
    %jmp T_7.8;
T_7.5 ;
    %pushi/vec4 4, 0, 3;
    %store/vec4 v0x5b9ec3ddb3e0_0, 0, 3;
    %jmp T_7.8;
T_7.6 ;
    %load/vec4 v0x5b9ec3e3ccb0_0;
    %nor/r;
    %flag_set/vec4 8;
    %jmp/0xz  T_7.44, 8;
    %pushi/vec4 7, 0, 3;
    %store/vec4 v0x5b9ec3ddb3e0_0, 0, 3;
    %jmp T_7.45;
T_7.44 ;
    %load/vec4 v0x5b9ec3e3ccb0_0;
    %flag_set/vec4 8;
    %jmp/0xz  T_7.46, 8;
    %pushi/vec4 6, 0, 3;
    %store/vec4 v0x5b9ec3ddb3e0_0, 0, 3;
T_7.46 ;
T_7.45 ;
    %jmp T_7.8;
T_7.7 ;
    %load/vec4 v0x5b9ec3e3d130_0;
    %nor/r;
    %flag_set/vec4 9;
    %flag_get/vec4 9;
    %jmp/0 T_7.50, 9;
    %load/vec4 v0x5b9ec3e3d070_0;
    %nor/r;
    %and;
T_7.50;
    %flag_set/vec4 8;
    %jmp/0xz  T_7.48, 8;
    %pushi/vec4 2, 0, 3;
    %store/vec4 v0x5b9ec3ddb3e0_0, 0, 3;
    %jmp T_7.49;
T_7.48 ;
    %load/vec4 v0x5b9ec3e3d130_0;
    %nor/r;
    %flag_set/vec4 9;
    %flag_get/vec4 9;
    %jmp/0 T_7.53, 9;
    %load/vec4 v0x5b9ec3e3d070_0;
    %and;
T_7.53;
    %flag_set/vec4 8;
    %jmp/0xz  T_7.51, 8;
    %pushi/vec4 5, 0, 3;
    %store/vec4 v0x5b9ec3ddb3e0_0, 0, 3;
    %jmp T_7.52;
T_7.51 ;
    %load/vec4 v0x5b9ec3e3d130_0;
    %flag_set/vec4 8;
    %jmp/0xz  T_7.54, 8;
    %pushi/vec4 0, 0, 3;
    %store/vec4 v0x5b9ec3ddb3e0_0, 0, 3;
T_7.54 ;
T_7.52 ;
T_7.49 ;
    %jmp T_7.8;
T_7.8 ;
    %pop/vec4 1;
    %jmp T_7;
    .thread T_7, $push;
    .scope S_0x5b9ec3df4380;
T_8 ;
    %wait E_0x5b9ec3de81a0;
    %load/vec4 v0x5b9ec3ddb550_0;
    %dup/vec4;
    %pushi/vec4 0, 0, 3;
    %cmp/e;
    %jmp/1 T_8.0, 6;
    %dup/vec4;
    %pushi/vec4 1, 0, 3;
    %cmp/e;
    %jmp/1 T_8.1, 6;
    %dup/vec4;
    %pushi/vec4 2, 0, 3;
    %cmp/e;
    %jmp/1 T_8.2, 6;
    %dup/vec4;
    %pushi/vec4 3, 0, 3;
    %cmp/e;
    %jmp/1 T_8.3, 6;
    %dup/vec4;
    %pushi/vec4 4, 0, 3;
    %cmp/e;
    %jmp/1 T_8.4, 6;
    %dup/vec4;
    %pushi/vec4 5, 0, 3;
    %cmp/e;
    %jmp/1 T_8.5, 6;
    %dup/vec4;
    %pushi/vec4 6, 0, 3;
    %cmp/e;
    %jmp/1 T_8.6, 6;
    %dup/vec4;
    %pushi/vec4 7, 0, 3;
    %cmp/e;
    %jmp/1 T_8.7, 6;
    %jmp T_8.8;
T_8.0 ;
    %pushi/vec4 17473, 0, 25;
    %store/vec4 v0x5b9ec3e3f370_0, 0, 25;
    %jmp T_8.8;
T_8.1 ;
    %pushi/vec4 4998724, 0, 25;
    %store/vec4 v0x5b9ec3e3f370_0, 0, 25;
    %jmp T_8.8;
T_8.2 ;
    %pushi/vec4 19524, 0, 25;
    %store/vec4 v0x5b9ec3e3f370_0, 0, 25;
    %jmp T_8.8;
T_8.3 ;
    %pushi/vec4 5723205, 0, 25;
    %store/vec4 v0x5b9ec3e3f370_0, 0, 25;
    %jmp T_8.8;
T_8.4 ;
    %pushi/vec4 4411461, 0, 25;
    %store/vec4 v0x5b9ec3e3f370_0, 0, 25;
    %jmp T_8.8;
T_8.5 ;
    %pushi/vec4 19536, 0, 25;
    %store/vec4 v0x5b9ec3e3f370_0, 0, 25;
    %jmp T_8.8;
T_8.6 ;
    %pushi/vec4 4605523, 0, 25;
    %store/vec4 v0x5b9ec3e3f370_0, 0, 25;
    %jmp T_8.8;
T_8.7 ;
    %pushi/vec4 4997446, 0, 25;
    %store/vec4 v0x5b9ec3e3f370_0, 0, 25;
    %jmp T_8.8;
T_8.8 ;
    %pop/vec4 1;
    %jmp T_8;
    .thread T_8, $push;
    .scope S_0x5b9ec3df4380;
T_9 ;
    %pushi/vec4 1, 0, 1;
    %store/vec4 v0x5b9ec3e3e5f0_0, 0, 1;
T_9.0 ;
    %delay 10, 0;
    %load/vec4 v0x5b9ec3e3e5f0_0;
    %inv;
    %store/vec4 v0x5b9ec3e3e5f0_0, 0, 1;
    %jmp T_9.0;
T_9.1 ;
    %end;
    .thread T_9;
    .scope S_0x5b9ec3df4380;
T_10 ;
    %fork TD_router_fsm_tb.rst, S_0x5b9ec3e3db80;
    %join;
    %fork TD_router_fsm_tb.initialize, S_0x5b9ec3e3d9d0;
    %join;
    %fork TD_router_fsm_tb.t1, S_0x5b9ec3e3dd60;
    %join;
    %fork TD_router_fsm_tb.rst, S_0x5b9ec3e3db80;
    %join;
    %delay 30, 0;
    %fork TD_router_fsm_tb.t2, S_0x5b9ec3e3df40;
    %join;
    %fork TD_router_fsm_tb.rst, S_0x5b9ec3e3db80;
    %join;
    %delay 30, 0;
    %fork TD_router_fsm_tb.t3, S_0x5b9ec3e3e170;
    %join;
    %fork TD_router_fsm_tb.rst, S_0x5b9ec3e3db80;
    %join;
    %delay 30, 0;
    %fork TD_router_fsm_tb.t4, S_0x5b9ec3e3e350;
    %join;
    %fork TD_router_fsm_tb.rst, S_0x5b9ec3e3db80;
    %join;
    %end;
    .thread T_10;
    .scope S_0x5b9ec3df4380;
T_11 ;
    %vpi_call 2 191 "$monitor", "Reset=%b, State=%s, det_add=%b, write_enb_reg=%b, full_state=%b, lfd_state=%b, busy=%b, ld_state=%b, laf_state=%b, rst_int_reg=%b, low_packet_valid=%b", v0x5b9ec3e3ef60_0, v0x5b9ec3e3f370_0, v0x5b9ec3e3e730_0, v0x5b9ec3e3f410_0, v0x5b9ec3e3eaa0_0, v0x5b9ec3e3ec80_0, v0x5b9ec3e3e530_0, v0x5b9ec3e3ebe0_0, v0x5b9ec3e3eb40_0, v0x5b9ec3e3f030_0, v0x5b9ec3e3ed20_0 {0 0 0};
    %end;
    .thread T_11;
    .scope S_0x5b9ec3df4380;
T_12 ;
    %vpi_call 2 195 "$dumpfile", "router_fsm.vcd" {0 0 0};
    %vpi_call 2 196 "$dumpvars" {0 0 0};
    %delay 1000, 0;
    %vpi_call 2 197 "$finish" {0 0 0};
    %end;
    .thread T_12;
# The file index is used to find the file name in the following table.
:file_names 4;
    "N/A";
    "<interactive>";
    "../Testbench/router_fsm_tb.v";
    "./../RTL/router_fsm.v";
