Generating LALR tables
WARNING: 183 shift/reduce conflicts
Processing module router_top…
Found 7362 fault sites in 1370 gates and 1187 ports.
Performing simulations…
Initial coverage: 0.0%
Minimum coverage not met (31.954632%/100.0%,) incrementing to 2…
Minimum coverage not met (44.790817%/100.0%,) incrementing to 3…
Minimum coverage not met (51.086662%/100.0%,) incrementing to 4…
Minimum coverage not met (57.559086%/100.0%,) incrementing to 5…
Minimum coverage not met (62.177395%/100.0%,) incrementing to 6…
Minimum coverage not met (65.946754%/100.0%,) incrementing to 7…
Minimum coverage not met (67.14208%/100.0%,) incrementing to 8…
Minimum coverage not met (68.55474%/100.0%,) incrementing to 9…
Minimum coverage not met (68.710945%/100.0%,) incrementing to 10…
Hit ceiling. Settling for current coverage.
Time elapsed: 71.32s.
Simulations concluded: Coverage 69.10486%
Writing raw generated test vectors in Fault JSON format to ATPG/router_top_pattern.json…
Finding essential test vectors…
Found 10 essential test vectors.
Performing compaction…
Initial TV Count: 10. Compacted TV Count: 10. 
Successfully compacted test vectors by a ratio of 0.00%.
Writing compacted generated test vectors in Fault JSON format to ATPG/router_top_pattern.json…
Writing YAML file of final coverage metadata to REPORT/metadata_report.yml…
