Startpoint: __dut__.__uuf__._3332_
            (rising edge-triggered flip-flop clocked by clock)
Endpoint: __dut__.__uuf__._3062_
          (rising edge-triggered flip-flop clocked by clock)
Path Group: clock
Path Type: max

  Delay    Time   Description
---------------------------------------------------------
   0.00    0.00   clock clock (rise edge)
   0.69    0.69   clock network delay (propagated)
   0.00    0.69 ^ __dut__.__uuf__._3332_/CLK (sky130_fd_sc_hd__dfxtp_1)
   0.50    1.19 ^ __dut__.__uuf__._3332_/Q (sky130_fd_sc_hd__dfxtp_1)
   0.51    1.70 v __dut__.__uuf__._2530_/X (sky130_fd_sc_hd__or3b_1)
   0.48    2.17 ^ __dut__.__uuf__._1588_/Y (sky130_fd_sc_hd__a211oi_1)
   0.77    2.94 ^ __dut__.__uuf__._1600_/X (sky130_fd_sc_hd__o211a_1)
   0.30    3.24 ^ __dut__.__uuf__._1647_/Y (sky130_fd_sc_hd__nor4b_1)
   0.22    3.46 ^ place123/X (sky130_fd_sc_hd__buf_4)
   0.13    3.59 v __dut__.__uuf__._1648_/Y (sky130_fd_sc_hd__nor2_1)
   0.27    3.87 v __dut__.__uuf__._2493_/X (sky130_fd_sc_hd__a32o_1)
   0.27    4.14 v __dut__._0941_/X (sky130_fd_sc_hd__mux2_1)
   0.00    4.14 v __dut__.__uuf__._3062_/D (sky130_fd_sc_hd__dfxtp_1)
           4.14   data arrival time

  10.00   10.00   clock clock (rise edge)
   0.69   10.69   clock network delay (propagated)
  -0.20   10.49   clock uncertainty
   0.00   10.49   clock reconvergence pessimism
          10.49 ^ __dut__.__uuf__._3062_/CLK (sky130_fd_sc_hd__dfxtp_1)
  -0.11   10.39   library setup time
          10.39   data required time
---------------------------------------------------------
          10.39   data required time
          -4.14   data arrival time
---------------------------------------------------------
           6.25   slack (MET)


Startpoint: _262_ (rising edge-triggered flip-flop clocked by tck')
Endpoint: tdo (output port clocked by tck)
Path Group: tck
Path Type: max

  Delay    Time   Description
---------------------------------------------------------
  50.00   50.00   clock tck' (rise edge)
   1.03   51.03   clock network delay (propagated)
   0.00   51.03 ^ _262_/CLK (sky130_fd_sc_hd__dfxtp_1)
   0.30   51.33 ^ _262_/Q (sky130_fd_sc_hd__dfxtp_1)
   0.10   51.43 v _105_/Y (sky130_fd_sc_hd__clkinv_1)
   0.16   51.59 ^ _193_/Y (sky130_fd_sc_hd__o21ai_0)
   0.08   51.67 v _194_/Y (sky130_fd_sc_hd__a21oi_1)
   0.23   51.91 ^ _198_/Y (sky130_fd_sc_hd__o31ai_1)
   0.00   51.91 ^ tdo (out)
          51.91   data arrival time

 100.00  100.00   clock tck (rise edge)
   0.00  100.00   clock network delay (propagated)
  -0.20   99.80   clock uncertainty
   0.00   99.80   clock reconvergence pessimism
  -1.00   98.80   output external delay
          98.80   data required time
---------------------------------------------------------
          98.80   data required time
         -51.91   data arrival time
---------------------------------------------------------
          46.89   slack (MET)


