
 /----------------------------------------------------------------------------\
 |  yosys -- Yosys Open SYnthesis Suite                                       |
 |  Copyright (C) 2012 - 2025  Claire Xenia Wolf <claire@yosyshq.com>         |
 |  Distributed under an ISC-like license, type "license" to see terms        |
 \----------------------------------------------------------------------------/
 Yosys 0.52 (git sha1 fee39a3284c90249e1d9684cf6944ffbbcbb8f90)

-- Running command ` read_verilog CUT/router_top_cut_netlist.v; stat -liberty ../Tech_Lib/sky130_fd_sc_hd__tt_025C_1v80.lib' --

1. Executing Verilog-2005 frontend: CUT/router_top_cut_netlist.v
Parsing Verilog input from `CUT/router_top_cut_netlist.v' to AST representation.
Generating RTLIL representation for module `\router_top'.
Successfully finished Verilog frontend.

2. Printing statistics.

=== router_top ===

   Number of wires:               2633
   Number of wire bits:           3288
   Number of public wires:        2633
   Number of public wire bits:    3288
   Number of ports:               1187
   Number of port bits:           1215
   Number of memories:               0
   Number of memory bits:            0
   Number of processes:              0
   Number of cells:               1312
     sky130_fd_sc_hd__a2111oi_0      1
     sky130_fd_sc_hd__a211o_1        3
     sky130_fd_sc_hd__a211oi_1      24
     sky130_fd_sc_hd__a21boi_0       6
     sky130_fd_sc_hd__a21o_1         3
     sky130_fd_sc_hd__a21oi_1       76
     sky130_fd_sc_hd__a221oi_1       1
     sky130_fd_sc_hd__a222oi_1       8
     sky130_fd_sc_hd__a22o_1       432
     sky130_fd_sc_hd__a22oi_1       23
     sky130_fd_sc_hd__a311oi_1       2
     sky130_fd_sc_hd__a31o_1         1
     sky130_fd_sc_hd__a31oi_1       25
     sky130_fd_sc_hd__a41oi_1        1
     sky130_fd_sc_hd__and2_0        13
     sky130_fd_sc_hd__and3_1        12
     sky130_fd_sc_hd__and3b_1        2
     sky130_fd_sc_hd__and4_1         4
     sky130_fd_sc_hd__clkinv_1      23
     sky130_fd_sc_hd__mux2_1         7
     sky130_fd_sc_hd__mux2i_1       23
     sky130_fd_sc_hd__mux4_2       125
     sky130_fd_sc_hd__nand2_1       66
     sky130_fd_sc_hd__nand2b_1      14
     sky130_fd_sc_hd__nand3_1       17
     sky130_fd_sc_hd__nand4_1       11
     sky130_fd_sc_hd__nand4b_1       6
     sky130_fd_sc_hd__nor2_1       169
     sky130_fd_sc_hd__nor2b_1       21
     sky130_fd_sc_hd__nor3_1        29
     sky130_fd_sc_hd__nor3b_1       12
     sky130_fd_sc_hd__nor4_1        10
     sky130_fd_sc_hd__nor4bb_1       1
     sky130_fd_sc_hd__o2111a_1       3
     sky130_fd_sc_hd__o211ai_1       8
     sky130_fd_sc_hd__o21a_1         7
     sky130_fd_sc_hd__o21ai_0       65
     sky130_fd_sc_hd__o21bai_1       1
     sky130_fd_sc_hd__o22ai_1        2
     sky130_fd_sc_hd__o311ai_0       1
     sky130_fd_sc_hd__o31a_1         3
     sky130_fd_sc_hd__o31ai_1        4
     sky130_fd_sc_hd__or2_0          2
     sky130_fd_sc_hd__or3_1          9
     sky130_fd_sc_hd__or4_1          2
     sky130_fd_sc_hd__or4b_1         3
     sky130_fd_sc_hd__xnor2_1       17
     sky130_fd_sc_hd__xor2_1        14

   Chip area for module '\router_top': 10876.681600
     of which used for sequential elements: 0.000000 (0.00%)

End of script. Logfile hash: 1b00a2b8dd, CPU: user 0.31s system 0.03s, MEM: 49.80 MB peak
Yosys 0.52 (git sha1 fee39a3284c90249e1d9684cf6944ffbbcbb8f90)
Time spent: 70% 2x read_verilog (0 sec), 29% 1x stat (0 sec)
