Startpoint: __dut__.__uuf__._2919_
            (rising edge-triggered flip-flop clocked by clock)
Endpoint: __dut__.__uuf__._2920_
          (rising edge-triggered flip-flop clocked by clock)
Path Group: clock
Path Type: min

  Delay    Time   Description
---------------------------------------------------------
   0.00    0.00   clock clock (rise edge)
   0.00    0.00   clock network delay (ideal)
   0.00    0.00 ^ __dut__.__uuf__._2919_/CLK (sky130_fd_sc_hd__dfxtp_1)
   0.30    0.30 ^ __dut__.__uuf__._2919_/Q (sky130_fd_sc_hd__dfxtp_1)
   0.12    0.42 ^ __dut__._0799_/X (sky130_fd_sc_hd__mux2_1)
   0.00    0.42 ^ __dut__.__uuf__._2920_/D (sky130_fd_sc_hd__dfxtp_1)
           0.42   data arrival time

   0.00    0.00   clock clock (rise edge)
   0.00    0.00   clock network delay (ideal)
   0.10    0.10   clock uncertainty
   0.00    0.10   clock reconvergence pessimism
           0.10 ^ __dut__.__uuf__._2920_/CLK (sky130_fd_sc_hd__dfxtp_1)
  -0.04    0.06   library hold time
           0.06   data required time
---------------------------------------------------------
           0.06   data required time
          -0.42   data arrival time
---------------------------------------------------------
           0.35   slack (MET)


Startpoint: _281_ (rising edge-triggered flip-flop clocked by tck)
Endpoint: _282_ (rising edge-triggered flip-flop clocked by tck)
Path Group: tck
Path Type: min

  Delay    Time   Description
---------------------------------------------------------
   0.00    0.00   clock tck (rise edge)
   0.00    0.00   clock network delay (ideal)
   0.00    0.00 ^ _281_/CLK (sky130_fd_sc_hd__dfxtp_1)
   0.29    0.29 ^ _281_/Q (sky130_fd_sc_hd__dfxtp_1)
   0.00    0.29 ^ _282_/D (sky130_fd_sc_hd__dfxtp_1)
           0.29   data arrival time

   0.00    0.00   clock tck (rise edge)
   0.00    0.00   clock network delay (ideal)
   0.10    0.10   clock uncertainty
   0.00    0.10   clock reconvergence pessimism
           0.10 ^ _282_/CLK (sky130_fd_sc_hd__dfxtp_1)
  -0.04    0.06   library hold time
           0.06   data required time
---------------------------------------------------------
           0.06   data required time
          -0.29   data arrival time
---------------------------------------------------------
           0.23   slack (MET)


