Startpoint: resetn (input port clocked by clock)
Endpoint: __dut__.__uuf__._2971_
          (rising edge-triggered flip-flop clocked by clock)
Path Group: clock
Path Type: max

  Delay    Time   Description
---------------------------------------------------------
   0.00    0.00   clock clock (rise edge)
   0.00    0.00   clock network delay (ideal)
   1.00    1.00 ^ input external delay
   0.00    1.00 ^ resetn (in)
   0.52    1.52 v __dut__.__uuf__._1652_/Y (sky130_fd_sc_hd__clkinv_1)
   0.35    1.87 ^ __dut__.__uuf__._1684_/Y (sky130_fd_sc_hd__nor2_1)
   0.21    2.08 v __dut__.__uuf__._2463_/Y (sky130_fd_sc_hd__nand4b_1)
   0.71    2.79 ^ __dut__.__uuf__._2508_/Y (sky130_fd_sc_hd__nor3_1)
   0.29    3.07 v __dut__.__uuf__._2509_/Y (sky130_fd_sc_hd__nor2_1)
   0.25    3.32 v __dut__.__uuf__._2518_/X (sky130_fd_sc_hd__a22o_1)
   0.26    3.58 v __dut__._0887_/X (sky130_fd_sc_hd__mux2_1)
   0.00    3.58 v __dut__.__uuf__._2971_/D (sky130_fd_sc_hd__dfxtp_1)
           3.58   data arrival time

  10.00   10.00   clock clock (rise edge)
   0.00   10.00   clock network delay (ideal)
  -0.20    9.80   clock uncertainty
   0.00    9.80   clock reconvergence pessimism
           9.80 ^ __dut__.__uuf__._2971_/CLK (sky130_fd_sc_hd__dfxtp_1)
  -0.12    9.68   library setup time
           9.68   data required time
---------------------------------------------------------
           9.68   data required time
          -3.58   data arrival time
---------------------------------------------------------
           6.09   slack (MET)


Startpoint: _229_ (rising edge-triggered flip-flop clocked by tck')
Endpoint: tdo (output port clocked by tck)
Path Group: tck
Path Type: max

  Delay    Time   Description
---------------------------------------------------------
  50.00   50.00   clock tck' (rise edge)
   0.00   50.00   clock network delay (ideal)
   0.00   50.00 ^ _229_/CLK (sky130_fd_sc_hd__dfxtp_1)
   0.27   50.27 v _229_/Q (sky130_fd_sc_hd__dfxtp_1)
   0.11   50.39 v _187_/X (sky130_fd_sc_hd__lpflow_isobufsrc_1)
   0.38   50.76 ^ _188_/Y (sky130_fd_sc_hd__a2111oi_0)
   0.12   50.88 v _190_/Y (sky130_fd_sc_hd__o31ai_1)
   0.00   50.88 v tdo (out)
          50.88   data arrival time

 100.00  100.00   clock tck (rise edge)
   0.00  100.00   clock network delay (ideal)
  -0.20   99.80   clock uncertainty
   0.00   99.80   clock reconvergence pessimism
  -1.00   98.80   output external delay
          98.80   data required time
---------------------------------------------------------
          98.80   data required time
         -50.88   data arrival time
---------------------------------------------------------
          47.92   slack (MET)


